#
# There is insufficient memory for the Java Runtime Environment to continue.
# Native memory allocation (malloc) failed to allocate 2103568 bytes for Chunk::new
# Possible reasons:
#   The system is out of physical RAM or swap space
#   The process is running with CompressedOops enabled, and the Java Heap may be blocking the growth of the native heap
# Possible solutions:
#   Reduce memory load on the system
#   Increase physical memory or swap space
#   Check if swap backing store is full
#   Decrease Java heap size (-Xmx/-Xms)
#   Decrease number of Java threads
#   Decrease Java thread stack sizes (-Xss)
#   Set larger code cache with -XX:ReservedCodeCacheSize=
#   JVM is running with Unscaled Compressed Oops mode in which the Java heap is
#     placed in the first 4GB address space. The Java Heap base address is the
#     maximum limit for the native heap growth. Please use -XX:HeapBaseMinAddress
#     to set the Java Heap base and to place the Java Heap above 4GB virtual address.
# This output file may be truncated or incomplete.
#
#  Out of Memory Error (arena.cpp:189), pid=9360, tid=17896
#
# JRE version: Java(TM) SE Runtime Environment (17.0.5+9) (build 17.0.5+9-LTS-191)
# Java VM: Java HotSpot(TM) 64-Bit Server VM (17.0.5+9-LTS-191, mixed mode, sharing, tiered, compressed oops, compressed class ptrs, g1 gc, windows-amd64)
# No core dump will be written. Minidumps are not enabled by default on client versions of Windows
#

---------------  S U M M A R Y ------------

Command Line: --add-opens=java.base/java.lang=ALL-UNNAMED --add-opens=java.base/java.lang.invoke=ALL-UNNAMED --add-opens=java.base/java.util=ALL-UNNAMED --add-opens=java.prefs/java.util.prefs=ALL-UNNAMED --add-exports=jdk.compiler/com.sun.tools.javac.api=ALL-UNNAMED --add-exports=jdk.compiler/com.sun.tools.javac.util=ALL-UNNAMED --add-opens=java.base/java.util=ALL-UNNAMED --add-opens=java.prefs/java.util.prefs=ALL-UNNAMED --add-opens=java.base/java.nio.charset=ALL-UNNAMED --add-opens=java.base/java.net=ALL-UNNAMED --add-opens=java.base/java.util.concurrent.atomic=ALL-UNNAMED --add-opens=java.xml/javax.xml.namespace=ALL-UNNAMED -XX:MaxMetaspaceSize=384m -XX:+HeapDumpOnOutOfMemoryError -Xms256m -Xmx512m -Dfile.encoding=UTF-8 -Duser.country=KR -Duser.language=ko -Duser.variant -javaagent:C:\Users\kimha\.gradle\wrapper\dists\gradle-8.11.1-bin\bpt9gzteqjrbo1mjrsomdt32c\gradle-8.11.1\lib\agents\gradle-instrumentation-agent-8.11.1.jar org.gradle.launcher.daemon.bootstrap.GradleDaemon 8.11.1

Host: 11th Gen Intel(R) Core(TM) i5-1135G7 @ 2.40GHz, 8 cores, 15G,  Windows 11 , 64 bit Build 22621 (10.0.22621.4391)
Time: Sat Jan  4 06:50:38 2025  Windows 11 , 64 bit Build 22621 (10.0.22621.4391) elapsed time: 3.484827 seconds (0d 0h 0m 3s)

---------------  T H R E A D  ---------------

Current thread (0x000001d53d438a90):  JavaThread "C2 CompilerThread2" daemon [_thread_in_native, id=17896, stack(0x0000000c0e700000,0x0000000c0e800000)]


Current CompileTask:
C2:   3484 3358       4       java.net.URLClassLoader$1::run (5 bytes)

Stack: [0x0000000c0e700000,0x0000000c0e800000]
Native frames: (J=compiled Java code, j=interpreted, Vv=VM code, C=native code)
V  [jvm.dll+0x672eea]
V  [jvm.dll+0x7d2a04]
V  [jvm.dll+0x7d41ae]
V  [jvm.dll+0x7d4813]
V  [jvm.dll+0x242c15]
V  [jvm.dll+0xaa57b]
V  [jvm.dll+0xaab0c]
V  [jvm.dll+0x35ff97]
V  [jvm.dll+0x32a631]
V  [jvm.dll+0x329ada]
V  [jvm.dll+0x215cc1]
V  [jvm.dll+0x2150e1]
V  [jvm.dll+0x1a18ed]
V  [jvm.dll+0x22493a]
V  [jvm.dll+0x222aa5]
V  [jvm.dll+0x7885db]
V  [jvm.dll+0x782b4a]
V  [jvm.dll+0x671d75]
C  [ucrtbase.dll+0x29333]
C  [KERNEL32.DLL+0x1259d]
C  [ntdll.dll+0x5af38]


---------------  P R O C E S S  ---------------

Threads class SMR info:
_java_thread_list=0x000001d5407ccaa0, length=37, elements={
0x000001d51fbe55d0, 0x000001d53a497530, 0x000001d53a498880, 0x000001d53a4ba0f0,
0x000001d53a4baaa0, 0x000001d53a4bbbf0, 0x000001d53a4bc5a0, 0x000001d53a4bd330,
0x000001d53a4c29b0, 0x000001d53a4d1680, 0x000001d53a485ac0, 0x000001d53b1e9150,
0x000001d53b2423b0, 0x000001d53c8e5180, 0x000001d53c8e47e0, 0x000001d53c8e4310,
0x000001d53c8e17c0, 0x000001d53c8e1c90, 0x000001d53c8e2630, 0x000001d53c8e2fd0,
0x000001d53c8e4cb0, 0x000001d53c8e2160, 0x000001d53c8e3e40, 0x000001d53c8e2b00,
0x000001d53c8e34a0, 0x000001d53c8e3970, 0x000001d53dcd9550, 0x000001d53d438a90,
0x000001d53dcd9a20, 0x000001d53dcd6530, 0x000001d53dcd8bb0, 0x000001d53dcd9ef0,
0x000001d53dcdad60, 0x000001d53dcd73a0, 0x000001d53dcd7d40, 0x000001d53dcda3c0,
0x000001d53dcdc570
}

Java Threads: ( => current thread )
  0x000001d51fbe55d0 JavaThread "main" [_thread_blocked, id=9904, stack(0x0000000c0c000000,0x0000000c0c100000)]
  0x000001d53a497530 JavaThread "Reference Handler" daemon [_thread_blocked, id=19468, stack(0x0000000c0c700000,0x0000000c0c800000)]
  0x000001d53a498880 JavaThread "Finalizer" daemon [_thread_blocked, id=25112, stack(0x0000000c0c800000,0x0000000c0c900000)]
  0x000001d53a4ba0f0 JavaThread "Signal Dispatcher" daemon [_thread_blocked, id=18932, stack(0x0000000c0c900000,0x0000000c0ca00000)]
  0x000001d53a4baaa0 JavaThread "Attach Listener" daemon [_thread_blocked, id=17880, stack(0x0000000c0ca00000,0x0000000c0cb00000)]
  0x000001d53a4bbbf0 JavaThread "Service Thread" daemon [_thread_blocked, id=25364, stack(0x0000000c0cb00000,0x0000000c0cc00000)]
  0x000001d53a4bc5a0 JavaThread "Monitor Deflation Thread" daemon [_thread_blocked, id=360, stack(0x0000000c0cc00000,0x0000000c0cd00000)]
  0x000001d53a4bd330 JavaThread "C2 CompilerThread0" daemon [_thread_in_native, id=13564, stack(0x0000000c0cd00000,0x0000000c0ce00000)]
  0x000001d53a4c29b0 JavaThread "C1 CompilerThread0" daemon [_thread_blocked, id=23052, stack(0x0000000c0ce00000,0x0000000c0cf00000)]
  0x000001d53a4d1680 JavaThread "Sweeper thread" daemon [_thread_blocked, id=11076, stack(0x0000000c0cf00000,0x0000000c0d000000)]
  0x000001d53a485ac0 JavaThread "Common-Cleaner" daemon [_thread_blocked, id=24784, stack(0x0000000c0d000000,0x0000000c0d100000)]
  0x000001d53b1e9150 JavaThread "Notification Thread" daemon [_thread_blocked, id=17988, stack(0x0000000c0d100000,0x0000000c0d200000)]
  0x000001d53b2423b0 JavaThread "C2 CompilerThread1" daemon [_thread_in_native, id=14436, stack(0x0000000c0d300000,0x0000000c0d400000)]
  0x000001d53c8e5180 JavaThread "Daemon health stats" [_thread_blocked, id=5556, stack(0x0000000c0da00000,0x0000000c0db00000)]
  0x000001d53c8e47e0 JavaThread "Incoming local TCP Connector on port 56040" [_thread_in_native, id=19572, stack(0x0000000c0db00000,0x0000000c0dc00000)]
  0x000001d53c8e4310 JavaThread "Daemon periodic checks" [_thread_blocked, id=9136, stack(0x0000000c0d400000,0x0000000c0d500000)]
  0x000001d53c8e17c0 JavaThread "Daemon" [_thread_blocked, id=10164, stack(0x0000000c0dc00000,0x0000000c0dd00000)]
  0x000001d53c8e1c90 JavaThread "Handler for socket connection from /127.0.0.1:56040 to /127.0.0.1:56041" [_thread_in_native, id=808, stack(0x0000000c0dd00000,0x0000000c0de00000)]
  0x000001d53c8e2630 JavaThread "Cancel handler" [_thread_blocked, id=23764, stack(0x0000000c0de00000,0x0000000c0df00000)]
  0x000001d53c8e2fd0 JavaThread "Daemon worker" [_thread_in_vm, id=760, stack(0x0000000c0df00000,0x0000000c0e000000)]
  0x000001d53c8e4cb0 JavaThread "Asynchronous log dispatcher for DefaultDaemonConnection: socket connection from /127.0.0.1:56040 to /127.0.0.1:56041" [_thread_blocked, id=2408, stack(0x0000000c0e000000,0x0000000c0e100000)]
  0x000001d53c8e2160 JavaThread "Stdin handler" [_thread_blocked, id=21060, stack(0x0000000c0e100000,0x0000000c0e200000)]
  0x000001d53c8e3e40 JavaThread "Daemon client event forwarder" [_thread_blocked, id=23520, stack(0x0000000c0e200000,0x0000000c0e300000)]
  0x000001d53c8e2b00 JavaThread "Cache worker for journal cache (C:\Users\kimha\.gradle\caches\journal-1)" [_thread_blocked, id=9144, stack(0x0000000c0e300000,0x0000000c0e400000)]
  0x000001d53c8e34a0 JavaThread "File lock request listener" [_thread_in_native, id=19768, stack(0x0000000c0e400000,0x0000000c0e500000)]
  0x000001d53c8e3970 JavaThread "Cache worker for file hash cache (C:\Users\kimha\.gradle\caches\8.11.1\fileHashes)" [_thread_blocked, id=8684, stack(0x0000000c0e500000,0x0000000c0e600000)]
  0x000001d53dcd9550 JavaThread "Cache worker for file content cache (C:\Users\kimha\.gradle\caches\8.11.1\fileContent)" [_thread_blocked, id=18380, stack(0x0000000c0e600000,0x0000000c0e700000)]
=>0x000001d53d438a90 JavaThread "C2 CompilerThread2" daemon [_thread_in_native, id=17896, stack(0x0000000c0e700000,0x0000000c0e800000)]
  0x000001d53dcd9a20 JavaThread "Cache worker for file hash cache (C:\Users\kimha\하진\해윰\haeyum-server\.gradle\8.11.1\fileHashes)" [_thread_blocked, id=20208, stack(0x0000000c0e800000,0x0000000c0e900000)]
  0x000001d53dcd6530 JavaThread "Cache worker for Build Output Cleanup Cache (C:\Users\kimha\하진\해윰\haeyum-server\.gradle\buildOutputCleanup)" [_thread_blocked, id=9932, stack(0x0000000c0e900000,0x0000000c0ea00000)]
  0x000001d53dcd8bb0 JavaThread "File watcher server" daemon [_thread_in_native, id=5136, stack(0x0000000c0ed00000,0x0000000c0ee00000)]
  0x000001d53dcd9ef0 JavaThread "File watcher consumer" daemon [_thread_blocked, id=19564, stack(0x0000000c0ee00000,0x0000000c0ef00000)]
  0x000001d53dcdad60 JavaThread "Cache worker for checksums cache (C:\Users\kimha\하진\해윰\haeyum-server\.gradle\8.11.1\checksums)" [_thread_blocked, id=9380, stack(0x0000000c0ef00000,0x0000000c0f000000)]
  0x000001d53dcd73a0 JavaThread "Cache worker for cache directory md-rule (C:\Users\kimha\.gradle\caches\8.11.1\md-rule)" [_thread_blocked, id=10836, stack(0x0000000c0f000000,0x0000000c0f100000)]
  0x000001d53dcd7d40 JavaThread "Cache worker for cache directory md-supplier (C:\Users\kimha\.gradle\caches\8.11.1\md-supplier)" [_thread_blocked, id=21160, stack(0x0000000c0f100000,0x0000000c0f200000)]
  0x000001d53dcda3c0 JavaThread "jar transforms" [_thread_blocked, id=6168, stack(0x0000000c0f200000,0x0000000c0f300000)]
  0x000001d53dcdc570 JavaThread "jar transforms Thread 2" [_thread_blocked, id=15500, stack(0x0000000c0f300000,0x0000000c0f400000)]

Other Threads:
  0x000001d53a491ef0 VMThread "VM Thread" [stack: 0x0000000c0c600000,0x0000000c0c700000] [id=22696]
  0x000001d53b197c80 WatcherThread [stack: 0x0000000c0d200000,0x0000000c0d300000] [id=11288]
  0x000001d51fc13a70 GCTaskThread "GC Thread#0" [stack: 0x0000000c0c100000,0x0000000c0c200000] [id=22984]
  0x000001d53b8240b0 GCTaskThread "GC Thread#1" [stack: 0x0000000c0d500000,0x0000000c0d600000] [id=25252]
  0x000001d53bb76830 GCTaskThread "GC Thread#2" [stack: 0x0000000c0d600000,0x0000000c0d700000] [id=22736]
  0x000001d53ba51810 GCTaskThread "GC Thread#3" [stack: 0x0000000c0d700000,0x0000000c0d800000] [id=11716]
  0x000001d53ba51ac0 GCTaskThread "GC Thread#4" [stack: 0x0000000c0d800000,0x0000000c0d900000] [id=18648]
  0x000001d53ba51d70 GCTaskThread "GC Thread#5" [stack: 0x0000000c0d900000,0x0000000c0da00000] [id=9516]
  0x000001d53fa9f430 GCTaskThread "GC Thread#6" [stack: 0x0000000c0ea00000,0x0000000c0eb00000] [id=21564]
  0x000001d53fa9eed0 GCTaskThread "GC Thread#7" [stack: 0x0000000c0eb00000,0x0000000c0ec00000] [id=23184]
  0x000001d51fc18850 ConcurrentGCThread "G1 Main Marker" [stack: 0x0000000c0c200000,0x0000000c0c300000] [id=22784]
  0x000001d51fc19100 ConcurrentGCThread "G1 Conc#0" [stack: 0x0000000c0c300000,0x0000000c0c400000] [id=1840]
  0x000001d53fa9e970 ConcurrentGCThread "G1 Conc#1" [stack: 0x0000000c0ec00000,0x0000000c0ed00000] [id=6584]
  0x000001d51fcad660 ConcurrentGCThread "G1 Refine#0" [stack: 0x0000000c0c400000,0x0000000c0c500000] [id=23844]
  0x000001d51fcadf20 ConcurrentGCThread "G1 Service" [stack: 0x0000000c0c500000,0x0000000c0c600000] [id=14452]

Threads with active compile tasks:
C2 CompilerThread0     3504 3355   !   4       java.lang.ClassLoader::loadClass (121 bytes)
C2 CompilerThread1     3504 3357   !   4       java.net.URLClassLoader::findClass (47 bytes)
C2 CompilerThread2     3504 3358       4       java.net.URLClassLoader$1::run (5 bytes)

VM state: not at safepoint (normal execution)

VM Mutex/Monitor currently owned by a thread: None

Heap address: 0x00000000e0000000, size: 512 MB, Compressed Oops mode: 32-bit

CDS archive(s) mapped at: [0x0000000800000000-0x0000000800bd0000-0x0000000800bd0000), size 12386304, SharedBaseAddress: 0x0000000800000000, ArchiveRelocationMode: 0.
Compressed class space mapped at: 0x0000000800c00000-0x0000000814000000, reserved size: 322961408
Narrow klass base: 0x0000000800000000, Narrow klass shift: 0, Narrow klass range: 0x100000000

GC Precious Log:
 CPUs: 8 total, 8 available
 Memory: 16108M
 Large Page Support: Disabled
 NUMA Support: Disabled
 Compressed Oops: Enabled (32-bit)
 Heap Region Size: 1M
 Heap Min Capacity: 256M
 Heap Initial Capacity: 256M
 Heap Max Capacity: 512M
 Pre-touch: Disabled
 Parallel Workers: 8
 Concurrent Workers: 2
 Concurrent Refinement Workers: 8
 Periodic GC: Disabled

Heap:
 garbage-first heap   total 262144K, used 95932K [0x00000000e0000000, 0x0000000100000000)
  region size 1024K, 83 young (84992K), 12 survivors (12288K)
 Metaspace       used 31675K, committed 32128K, reserved 348160K
  class space    used 4610K, committed 4800K, reserved 315392K

Heap Regions: E=young(eden), S=young(survivor), O=old, HS=humongous(starts), HC=humongous(continues), CS=collection set, F=free, OA=open archive, CA=closed archive, TAMS=top-at-mark-start (previous, next)
|   0|0x00000000e0000000, 0x00000000e0100000, 0x00000000e0100000|100%| O|  |TAMS 0x00000000e0100000, 0x00000000e0000000| Untracked 
|   1|0x00000000e0100000, 0x00000000e0200000, 0x00000000e0200000|100%|HS|  |TAMS 0x00000000e0200000, 0x00000000e0100000| Complete 
|   2|0x00000000e0200000, 0x00000000e0300000, 0x00000000e0300000|100%|HC|  |TAMS 0x00000000e0300000, 0x00000000e0200000| Complete 
|   3|0x00000000e0300000, 0x00000000e0400000, 0x00000000e0400000|100%|HC|  |TAMS 0x00000000e0400000, 0x00000000e0300000| Complete 
|   4|0x00000000e0400000, 0x00000000e0500000, 0x00000000e0500000|100%| O|  |TAMS 0x00000000e0500000, 0x00000000e0400000| Untracked 
|   5|0x00000000e0500000, 0x00000000e0600000, 0x00000000e0600000|100%| O|  |TAMS 0x00000000e0600000, 0x00000000e0500000| Untracked 
|   6|0x00000000e0600000, 0x00000000e0700000, 0x00000000e0700000|100%| O|  |TAMS 0x00000000e0700000, 0x00000000e0600000| Untracked 
|   7|0x00000000e0700000, 0x00000000e0800000, 0x00000000e0800000|100%|HS|  |TAMS 0x00000000e0800000, 0x00000000e0700000| Complete 
|   8|0x00000000e0800000, 0x00000000e0800000, 0x00000000e0900000|  0%| F|  |TAMS 0x00000000e0800000, 0x00000000e0800000| Untracked 
|   9|0x00000000e0900000, 0x00000000e0a00000, 0x00000000e0a00000|100%| O|  |TAMS 0x00000000e0a00000, 0x00000000e0900000| Untracked 
|  10|0x00000000e0a00000, 0x00000000e0b00000, 0x00000000e0b00000|100%| O|  |TAMS 0x00000000e0b00000, 0x00000000e0a00000| Untracked 
|  11|0x00000000e0b00000, 0x00000000e0c00000, 0x00000000e0c00000|100%| O|  |TAMS 0x00000000e0c00000, 0x00000000e0b00000| Untracked 
|  12|0x00000000e0c00000, 0x00000000e0cd3e00, 0x00000000e0d00000| 82%| O|  |TAMS 0x00000000e0cd3e00, 0x00000000e0c00000| Untracked 
|  13|0x00000000e0d00000, 0x00000000e0d00000, 0x00000000e0e00000|  0%| F|  |TAMS 0x00000000e0d00000, 0x00000000e0d00000| Untracked 
|  14|0x00000000e0e00000, 0x00000000e0e00000, 0x00000000e0f00000|  0%| F|  |TAMS 0x00000000e0e00000, 0x00000000e0e00000| Untracked 
|  15|0x00000000e0f00000, 0x00000000e0f00000, 0x00000000e1000000|  0%| F|  |TAMS 0x00000000e0f00000, 0x00000000e0f00000| Untracked 
|  16|0x00000000e1000000, 0x00000000e1000000, 0x00000000e1100000|  0%| F|  |TAMS 0x00000000e1000000, 0x00000000e1000000| Untracked 
|  17|0x00000000e1100000, 0x00000000e1100000, 0x00000000e1200000|  0%| F|  |TAMS 0x00000000e1100000, 0x00000000e1100000| Untracked 
|  18|0x00000000e1200000, 0x00000000e1200000, 0x00000000e1300000|  0%| F|  |TAMS 0x00000000e1200000, 0x00000000e1200000| Untracked 
|  19|0x00000000e1300000, 0x00000000e1300000, 0x00000000e1400000|  0%| F|  |TAMS 0x00000000e1300000, 0x00000000e1300000| Untracked 
|  20|0x00000000e1400000, 0x00000000e1400000, 0x00000000e1500000|  0%| F|  |TAMS 0x00000000e1400000, 0x00000000e1400000| Untracked 
|  21|0x00000000e1500000, 0x00000000e1500000, 0x00000000e1600000|  0%| F|  |TAMS 0x00000000e1500000, 0x00000000e1500000| Untracked 
|  22|0x00000000e1600000, 0x00000000e1600000, 0x00000000e1700000|  0%| F|  |TAMS 0x00000000e1600000, 0x00000000e1600000| Untracked 
|  23|0x00000000e1700000, 0x00000000e1700000, 0x00000000e1800000|  0%| F|  |TAMS 0x00000000e1700000, 0x00000000e1700000| Untracked 
|  24|0x00000000e1800000, 0x00000000e1800000, 0x00000000e1900000|  0%| F|  |TAMS 0x00000000e1800000, 0x00000000e1800000| Untracked 
|  25|0x00000000e1900000, 0x00000000e1900000, 0x00000000e1a00000|  0%| F|  |TAMS 0x00000000e1900000, 0x00000000e1900000| Untracked 
|  26|0x00000000e1a00000, 0x00000000e1a00000, 0x00000000e1b00000|  0%| F|  |TAMS 0x00000000e1a00000, 0x00000000e1a00000| Untracked 
|  27|0x00000000e1b00000, 0x00000000e1b00000, 0x00000000e1c00000|  0%| F|  |TAMS 0x00000000e1b00000, 0x00000000e1b00000| Untracked 
|  28|0x00000000e1c00000, 0x00000000e1c00000, 0x00000000e1d00000|  0%| F|  |TAMS 0x00000000e1c00000, 0x00000000e1c00000| Untracked 
|  29|0x00000000e1d00000, 0x00000000e1d00000, 0x00000000e1e00000|  0%| F|  |TAMS 0x00000000e1d00000, 0x00000000e1d00000| Untracked 
|  30|0x00000000e1e00000, 0x00000000e1e00000, 0x00000000e1f00000|  0%| F|  |TAMS 0x00000000e1e00000, 0x00000000e1e00000| Untracked 
|  31|0x00000000e1f00000, 0x00000000e1f00000, 0x00000000e2000000|  0%| F|  |TAMS 0x00000000e1f00000, 0x00000000e1f00000| Untracked 
|  32|0x00000000e2000000, 0x00000000e2000000, 0x00000000e2100000|  0%| F|  |TAMS 0x00000000e2000000, 0x00000000e2000000| Untracked 
|  33|0x00000000e2100000, 0x00000000e2100000, 0x00000000e2200000|  0%| F|  |TAMS 0x00000000e2100000, 0x00000000e2100000| Untracked 
|  34|0x00000000e2200000, 0x00000000e2200000, 0x00000000e2300000|  0%| F|  |TAMS 0x00000000e2200000, 0x00000000e2200000| Untracked 
|  35|0x00000000e2300000, 0x00000000e2300000, 0x00000000e2400000|  0%| F|  |TAMS 0x00000000e2300000, 0x00000000e2300000| Untracked 
|  36|0x00000000e2400000, 0x00000000e2400000, 0x00000000e2500000|  0%| F|  |TAMS 0x00000000e2400000, 0x00000000e2400000| Untracked 
|  37|0x00000000e2500000, 0x00000000e2500000, 0x00000000e2600000|  0%| F|  |TAMS 0x00000000e2500000, 0x00000000e2500000| Untracked 
|  38|0x00000000e2600000, 0x00000000e2600000, 0x00000000e2700000|  0%| F|  |TAMS 0x00000000e2600000, 0x00000000e2600000| Untracked 
|  39|0x00000000e2700000, 0x00000000e2700000, 0x00000000e2800000|  0%| F|  |TAMS 0x00000000e2700000, 0x00000000e2700000| Untracked 
|  40|0x00000000e2800000, 0x00000000e2800000, 0x00000000e2900000|  0%| F|  |TAMS 0x00000000e2800000, 0x00000000e2800000| Untracked 
|  41|0x00000000e2900000, 0x00000000e2900000, 0x00000000e2a00000|  0%| F|  |TAMS 0x00000000e2900000, 0x00000000e2900000| Untracked 
|  42|0x00000000e2a00000, 0x00000000e2a00000, 0x00000000e2b00000|  0%| F|  |TAMS 0x00000000e2a00000, 0x00000000e2a00000| Untracked 
|  43|0x00000000e2b00000, 0x00000000e2b00000, 0x00000000e2c00000|  0%| F|  |TAMS 0x00000000e2b00000, 0x00000000e2b00000| Untracked 
|  44|0x00000000e2c00000, 0x00000000e2c00000, 0x00000000e2d00000|  0%| F|  |TAMS 0x00000000e2c00000, 0x00000000e2c00000| Untracked 
|  45|0x00000000e2d00000, 0x00000000e2d00000, 0x00000000e2e00000|  0%| F|  |TAMS 0x00000000e2d00000, 0x00000000e2d00000| Untracked 
|  46|0x00000000e2e00000, 0x00000000e2e00000, 0x00000000e2f00000|  0%| F|  |TAMS 0x00000000e2e00000, 0x00000000e2e00000| Untracked 
|  47|0x00000000e2f00000, 0x00000000e2f00000, 0x00000000e3000000|  0%| F|  |TAMS 0x00000000e2f00000, 0x00000000e2f00000| Untracked 
|  48|0x00000000e3000000, 0x00000000e3000000, 0x00000000e3100000|  0%| F|  |TAMS 0x00000000e3000000, 0x00000000e3000000| Untracked 
|  49|0x00000000e3100000, 0x00000000e3100000, 0x00000000e3200000|  0%| F|  |TAMS 0x00000000e3100000, 0x00000000e3100000| Untracked 
|  50|0x00000000e3200000, 0x00000000e3200000, 0x00000000e3300000|  0%| F|  |TAMS 0x00000000e3200000, 0x00000000e3200000| Untracked 
|  51|0x00000000e3300000, 0x00000000e3300000, 0x00000000e3400000|  0%| F|  |TAMS 0x00000000e3300000, 0x00000000e3300000| Untracked 
|  52|0x00000000e3400000, 0x00000000e3400000, 0x00000000e3500000|  0%| F|  |TAMS 0x00000000e3400000, 0x00000000e3400000| Untracked 
|  53|0x00000000e3500000, 0x00000000e3500000, 0x00000000e3600000|  0%| F|  |TAMS 0x00000000e3500000, 0x00000000e3500000| Untracked 
|  54|0x00000000e3600000, 0x00000000e3600000, 0x00000000e3700000|  0%| F|  |TAMS 0x00000000e3600000, 0x00000000e3600000| Untracked 
|  55|0x00000000e3700000, 0x00000000e3700000, 0x00000000e3800000|  0%| F|  |TAMS 0x00000000e3700000, 0x00000000e3700000| Untracked 
|  56|0x00000000e3800000, 0x00000000e3800000, 0x00000000e3900000|  0%| F|  |TAMS 0x00000000e3800000, 0x00000000e3800000| Untracked 
|  57|0x00000000e3900000, 0x00000000e3900000, 0x00000000e3a00000|  0%| F|  |TAMS 0x00000000e3900000, 0x00000000e3900000| Untracked 
|  58|0x00000000e3a00000, 0x00000000e3a00000, 0x00000000e3b00000|  0%| F|  |TAMS 0x00000000e3a00000, 0x00000000e3a00000| Untracked 
|  59|0x00000000e3b00000, 0x00000000e3b00000, 0x00000000e3c00000|  0%| F|  |TAMS 0x00000000e3b00000, 0x00000000e3b00000| Untracked 
|  60|0x00000000e3c00000, 0x00000000e3c00000, 0x00000000e3d00000|  0%| F|  |TAMS 0x00000000e3c00000, 0x00000000e3c00000| Untracked 
|  61|0x00000000e3d00000, 0x00000000e3d00000, 0x00000000e3e00000|  0%| F|  |TAMS 0x00000000e3d00000, 0x00000000e3d00000| Untracked 
|  62|0x00000000e3e00000, 0x00000000e3e00000, 0x00000000e3f00000|  0%| F|  |TAMS 0x00000000e3e00000, 0x00000000e3e00000| Untracked 
|  63|0x00000000e3f00000, 0x00000000e3f00000, 0x00000000e4000000|  0%| F|  |TAMS 0x00000000e3f00000, 0x00000000e3f00000| Untracked 
|  64|0x00000000e4000000, 0x00000000e4000000, 0x00000000e4100000|  0%| F|  |TAMS 0x00000000e4000000, 0x00000000e4000000| Untracked 
|  65|0x00000000e4100000, 0x00000000e4100000, 0x00000000e4200000|  0%| F|  |TAMS 0x00000000e4100000, 0x00000000e4100000| Untracked 
|  66|0x00000000e4200000, 0x00000000e4200000, 0x00000000e4300000|  0%| F|  |TAMS 0x00000000e4200000, 0x00000000e4200000| Untracked 
|  67|0x00000000e4300000, 0x00000000e4300000, 0x00000000e4400000|  0%| F|  |TAMS 0x00000000e4300000, 0x00000000e4300000| Untracked 
|  68|0x00000000e4400000, 0x00000000e4400000, 0x00000000e4500000|  0%| F|  |TAMS 0x00000000e4400000, 0x00000000e4400000| Untracked 
|  69|0x00000000e4500000, 0x00000000e4500000, 0x00000000e4600000|  0%| F|  |TAMS 0x00000000e4500000, 0x00000000e4500000| Untracked 
|  70|0x00000000e4600000, 0x00000000e4600000, 0x00000000e4700000|  0%| F|  |TAMS 0x00000000e4600000, 0x00000000e4600000| Untracked 
|  71|0x00000000e4700000, 0x00000000e4700000, 0x00000000e4800000|  0%| F|  |TAMS 0x00000000e4700000, 0x00000000e4700000| Untracked 
|  72|0x00000000e4800000, 0x00000000e4800000, 0x00000000e4900000|  0%| F|  |TAMS 0x00000000e4800000, 0x00000000e4800000| Untracked 
|  73|0x00000000e4900000, 0x00000000e4900000, 0x00000000e4a00000|  0%| F|  |TAMS 0x00000000e4900000, 0x00000000e4900000| Untracked 
|  74|0x00000000e4a00000, 0x00000000e4a00000, 0x00000000e4b00000|  0%| F|  |TAMS 0x00000000e4a00000, 0x00000000e4a00000| Untracked 
|  75|0x00000000e4b00000, 0x00000000e4b00000, 0x00000000e4c00000|  0%| F|  |TAMS 0x00000000e4b00000, 0x00000000e4b00000| Untracked 
|  76|0x00000000e4c00000, 0x00000000e4c00000, 0x00000000e4d00000|  0%| F|  |TAMS 0x00000000e4c00000, 0x00000000e4c00000| Untracked 
|  77|0x00000000e4d00000, 0x00000000e4d00000, 0x00000000e4e00000|  0%| F|  |TAMS 0x00000000e4d00000, 0x00000000e4d00000| Untracked 
|  78|0x00000000e4e00000, 0x00000000e4e00000, 0x00000000e4f00000|  0%| F|  |TAMS 0x00000000e4e00000, 0x00000000e4e00000| Untracked 
|  79|0x00000000e4f00000, 0x00000000e4f00000, 0x00000000e5000000|  0%| F|  |TAMS 0x00000000e4f00000, 0x00000000e4f00000| Untracked 
|  80|0x00000000e5000000, 0x00000000e5000000, 0x00000000e5100000|  0%| F|  |TAMS 0x00000000e5000000, 0x00000000e5000000| Untracked 
|  81|0x00000000e5100000, 0x00000000e5100000, 0x00000000e5200000|  0%| F|  |TAMS 0x00000000e5100000, 0x00000000e5100000| Untracked 
|  82|0x00000000e5200000, 0x00000000e5200000, 0x00000000e5300000|  0%| F|  |TAMS 0x00000000e5200000, 0x00000000e5200000| Untracked 
|  83|0x00000000e5300000, 0x00000000e5300000, 0x00000000e5400000|  0%| F|  |TAMS 0x00000000e5300000, 0x00000000e5300000| Untracked 
|  84|0x00000000e5400000, 0x00000000e5400000, 0x00000000e5500000|  0%| F|  |TAMS 0x00000000e5400000, 0x00000000e5400000| Untracked 
|  85|0x00000000e5500000, 0x00000000e5500000, 0x00000000e5600000|  0%| F|  |TAMS 0x00000000e5500000, 0x00000000e5500000| Untracked 
|  86|0x00000000e5600000, 0x00000000e5600000, 0x00000000e5700000|  0%| F|  |TAMS 0x00000000e5600000, 0x00000000e5600000| Untracked 
|  87|0x00000000e5700000, 0x00000000e5700000, 0x00000000e5800000|  0%| F|  |TAMS 0x00000000e5700000, 0x00000000e5700000| Untracked 
|  88|0x00000000e5800000, 0x00000000e5800000, 0x00000000e5900000|  0%| F|  |TAMS 0x00000000e5800000, 0x00000000e5800000| Untracked 
|  89|0x00000000e5900000, 0x00000000e5900000, 0x00000000e5a00000|  0%| F|  |TAMS 0x00000000e5900000, 0x00000000e5900000| Untracked 
|  90|0x00000000e5a00000, 0x00000000e5a00000, 0x00000000e5b00000|  0%| F|  |TAMS 0x00000000e5a00000, 0x00000000e5a00000| Untracked 
|  91|0x00000000e5b00000, 0x00000000e5b00000, 0x00000000e5c00000|  0%| F|  |TAMS 0x00000000e5b00000, 0x00000000e5b00000| Untracked 
|  92|0x00000000e5c00000, 0x00000000e5c00000, 0x00000000e5d00000|  0%| F|  |TAMS 0x00000000e5c00000, 0x00000000e5c00000| Untracked 
|  93|0x00000000e5d00000, 0x00000000e5d00000, 0x00000000e5e00000|  0%| F|  |TAMS 0x00000000e5d00000, 0x00000000e5d00000| Untracked 
|  94|0x00000000e5e00000, 0x00000000e5e00000, 0x00000000e5f00000|  0%| F|  |TAMS 0x00000000e5e00000, 0x00000000e5e00000| Untracked 
|  95|0x00000000e5f00000, 0x00000000e5f00000, 0x00000000e6000000|  0%| F|  |TAMS 0x00000000e5f00000, 0x00000000e5f00000| Untracked 
|  96|0x00000000e6000000, 0x00000000e6000000, 0x00000000e6100000|  0%| F|  |TAMS 0x00000000e6000000, 0x00000000e6000000| Untracked 
|  97|0x00000000e6100000, 0x00000000e6100000, 0x00000000e6200000|  0%| F|  |TAMS 0x00000000e6100000, 0x00000000e6100000| Untracked 
|  98|0x00000000e6200000, 0x00000000e6200000, 0x00000000e6300000|  0%| F|  |TAMS 0x00000000e6200000, 0x00000000e6200000| Untracked 
|  99|0x00000000e6300000, 0x00000000e6300000, 0x00000000e6400000|  0%| F|  |TAMS 0x00000000e6300000, 0x00000000e6300000| Untracked 
| 100|0x00000000e6400000, 0x00000000e6400000, 0x00000000e6500000|  0%| F|  |TAMS 0x00000000e6400000, 0x00000000e6400000| Untracked 
| 101|0x00000000e6500000, 0x00000000e6500000, 0x00000000e6600000|  0%| F|  |TAMS 0x00000000e6500000, 0x00000000e6500000| Untracked 
| 102|0x00000000e6600000, 0x00000000e6600000, 0x00000000e6700000|  0%| F|  |TAMS 0x00000000e6600000, 0x00000000e6600000| Untracked 
| 103|0x00000000e6700000, 0x00000000e6700000, 0x00000000e6800000|  0%| F|  |TAMS 0x00000000e6700000, 0x00000000e6700000| Untracked 
| 104|0x00000000e6800000, 0x00000000e6800000, 0x00000000e6900000|  0%| F|  |TAMS 0x00000000e6800000, 0x00000000e6800000| Untracked 
| 105|0x00000000e6900000, 0x00000000e6900000, 0x00000000e6a00000|  0%| F|  |TAMS 0x00000000e6900000, 0x00000000e6900000| Untracked 
| 106|0x00000000e6a00000, 0x00000000e6a00000, 0x00000000e6b00000|  0%| F|  |TAMS 0x00000000e6a00000, 0x00000000e6a00000| Untracked 
| 107|0x00000000e6b00000, 0x00000000e6b00000, 0x00000000e6c00000|  0%| F|  |TAMS 0x00000000e6b00000, 0x00000000e6b00000| Untracked 
| 108|0x00000000e6c00000, 0x00000000e6c00000, 0x00000000e6d00000|  0%| F|  |TAMS 0x00000000e6c00000, 0x00000000e6c00000| Untracked 
| 109|0x00000000e6d00000, 0x00000000e6d00000, 0x00000000e6e00000|  0%| F|  |TAMS 0x00000000e6d00000, 0x00000000e6d00000| Untracked 
| 110|0x00000000e6e00000, 0x00000000e6e00000, 0x00000000e6f00000|  0%| F|  |TAMS 0x00000000e6e00000, 0x00000000e6e00000| Untracked 
| 111|0x00000000e6f00000, 0x00000000e6f00000, 0x00000000e7000000|  0%| F|  |TAMS 0x00000000e6f00000, 0x00000000e6f00000| Untracked 
| 112|0x00000000e7000000, 0x00000000e7000000, 0x00000000e7100000|  0%| F|  |TAMS 0x00000000e7000000, 0x00000000e7000000| Untracked 
| 113|0x00000000e7100000, 0x00000000e7100000, 0x00000000e7200000|  0%| F|  |TAMS 0x00000000e7100000, 0x00000000e7100000| Untracked 
| 114|0x00000000e7200000, 0x00000000e7200000, 0x00000000e7300000|  0%| F|  |TAMS 0x00000000e7200000, 0x00000000e7200000| Untracked 
| 115|0x00000000e7300000, 0x00000000e7300000, 0x00000000e7400000|  0%| F|  |TAMS 0x00000000e7300000, 0x00000000e7300000| Untracked 
| 116|0x00000000e7400000, 0x00000000e7400000, 0x00000000e7500000|  0%| F|  |TAMS 0x00000000e7400000, 0x00000000e7400000| Untracked 
| 117|0x00000000e7500000, 0x00000000e7500000, 0x00000000e7600000|  0%| F|  |TAMS 0x00000000e7500000, 0x00000000e7500000| Untracked 
| 118|0x00000000e7600000, 0x00000000e7600000, 0x00000000e7700000|  0%| F|  |TAMS 0x00000000e7600000, 0x00000000e7600000| Untracked 
| 119|0x00000000e7700000, 0x00000000e7700000, 0x00000000e7800000|  0%| F|  |TAMS 0x00000000e7700000, 0x00000000e7700000| Untracked 
| 120|0x00000000e7800000, 0x00000000e7800000, 0x00000000e7900000|  0%| F|  |TAMS 0x00000000e7800000, 0x00000000e7800000| Untracked 
| 121|0x00000000e7900000, 0x00000000e7900000, 0x00000000e7a00000|  0%| F|  |TAMS 0x00000000e7900000, 0x00000000e7900000| Untracked 
| 122|0x00000000e7a00000, 0x00000000e7a00000, 0x00000000e7b00000|  0%| F|  |TAMS 0x00000000e7a00000, 0x00000000e7a00000| Untracked 
| 123|0x00000000e7b00000, 0x00000000e7b00000, 0x00000000e7c00000|  0%| F|  |TAMS 0x00000000e7b00000, 0x00000000e7b00000| Untracked 
| 124|0x00000000e7c00000, 0x00000000e7c00000, 0x00000000e7d00000|  0%| F|  |TAMS 0x00000000e7c00000, 0x00000000e7c00000| Untracked 
| 125|0x00000000e7d00000, 0x00000000e7d00000, 0x00000000e7e00000|  0%| F|  |TAMS 0x00000000e7d00000, 0x00000000e7d00000| Untracked 
| 126|0x00000000e7e00000, 0x00000000e7e00000, 0x00000000e7f00000|  0%| F|  |TAMS 0x00000000e7e00000, 0x00000000e7e00000| Untracked 
| 127|0x00000000e7f00000, 0x00000000e7f00000, 0x00000000e8000000|  0%| F|  |TAMS 0x00000000e7f00000, 0x00000000e7f00000| Untracked 
| 128|0x00000000e8000000, 0x00000000e8000000, 0x00000000e8100000|  0%| F|  |TAMS 0x00000000e8000000, 0x00000000e8000000| Untracked 
| 129|0x00000000e8100000, 0x00000000e8100000, 0x00000000e8200000|  0%| F|  |TAMS 0x00000000e8100000, 0x00000000e8100000| Untracked 
| 130|0x00000000e8200000, 0x00000000e8200000, 0x00000000e8300000|  0%| F|  |TAMS 0x00000000e8200000, 0x00000000e8200000| Untracked 
| 131|0x00000000e8300000, 0x00000000e8300000, 0x00000000e8400000|  0%| F|  |TAMS 0x00000000e8300000, 0x00000000e8300000| Untracked 
| 132|0x00000000e8400000, 0x00000000e84db228, 0x00000000e8500000| 85%| S|CS|TAMS 0x00000000e8400000, 0x00000000e8400000| Complete 
| 133|0x00000000e8500000, 0x00000000e8600000, 0x00000000e8600000|100%| S|CS|TAMS 0x00000000e8500000, 0x00000000e8500000| Complete 
| 134|0x00000000e8600000, 0x00000000e8700000, 0x00000000e8700000|100%| S|CS|TAMS 0x00000000e8600000, 0x00000000e8600000| Complete 
| 135|0x00000000e8700000, 0x00000000e8800000, 0x00000000e8800000|100%| S|CS|TAMS 0x00000000e8700000, 0x00000000e8700000| Complete 
| 136|0x00000000e8800000, 0x00000000e8900000, 0x00000000e8900000|100%| S|CS|TAMS 0x00000000e8800000, 0x00000000e8800000| Complete 
| 137|0x00000000e8900000, 0x00000000e8a00000, 0x00000000e8a00000|100%| S|CS|TAMS 0x00000000e8900000, 0x00000000e8900000| Complete 
| 138|0x00000000e8a00000, 0x00000000e8b00000, 0x00000000e8b00000|100%| S|CS|TAMS 0x00000000e8a00000, 0x00000000e8a00000| Complete 
| 139|0x00000000e8b00000, 0x00000000e8c00000, 0x00000000e8c00000|100%| S|CS|TAMS 0x00000000e8b00000, 0x00000000e8b00000| Complete 
| 140|0x00000000e8c00000, 0x00000000e8d00000, 0x00000000e8d00000|100%| S|CS|TAMS 0x00000000e8c00000, 0x00000000e8c00000| Complete 
| 141|0x00000000e8d00000, 0x00000000e8e00000, 0x00000000e8e00000|100%| S|CS|TAMS 0x00000000e8d00000, 0x00000000e8d00000| Complete 
| 142|0x00000000e8e00000, 0x00000000e8f00000, 0x00000000e8f00000|100%| S|CS|TAMS 0x00000000e8e00000, 0x00000000e8e00000| Complete 
| 143|0x00000000e8f00000, 0x00000000e9000000, 0x00000000e9000000|100%| S|CS|TAMS 0x00000000e8f00000, 0x00000000e8f00000| Complete 
| 144|0x00000000e9000000, 0x00000000e9000000, 0x00000000e9100000|  0%| F|  |TAMS 0x00000000e9000000, 0x00000000e9000000| Untracked 
| 145|0x00000000e9100000, 0x00000000e9100000, 0x00000000e9200000|  0%| F|  |TAMS 0x00000000e9100000, 0x00000000e9100000| Untracked 
| 146|0x00000000e9200000, 0x00000000e9200000, 0x00000000e9300000|  0%| F|  |TAMS 0x00000000e9200000, 0x00000000e9200000| Untracked 
| 147|0x00000000e9300000, 0x00000000e9300000, 0x00000000e9400000|  0%| F|  |TAMS 0x00000000e9300000, 0x00000000e9300000| Untracked 
| 148|0x00000000e9400000, 0x00000000e9400000, 0x00000000e9500000|  0%| F|  |TAMS 0x00000000e9400000, 0x00000000e9400000| Untracked 
| 149|0x00000000e9500000, 0x00000000e9500000, 0x00000000e9600000|  0%| F|  |TAMS 0x00000000e9500000, 0x00000000e9500000| Untracked 
| 150|0x00000000e9600000, 0x00000000e9600000, 0x00000000e9700000|  0%| F|  |TAMS 0x00000000e9600000, 0x00000000e9600000| Untracked 
| 151|0x00000000e9700000, 0x00000000e9700000, 0x00000000e9800000|  0%| F|  |TAMS 0x00000000e9700000, 0x00000000e9700000| Untracked 
| 152|0x00000000e9800000, 0x00000000e9800000, 0x00000000e9900000|  0%| F|  |TAMS 0x00000000e9800000, 0x00000000e9800000| Untracked 
| 153|0x00000000e9900000, 0x00000000e9900000, 0x00000000e9a00000|  0%| F|  |TAMS 0x00000000e9900000, 0x00000000e9900000| Untracked 
| 154|0x00000000e9a00000, 0x00000000e9a00000, 0x00000000e9b00000|  0%| F|  |TAMS 0x00000000e9a00000, 0x00000000e9a00000| Untracked 
| 155|0x00000000e9b00000, 0x00000000e9b00000, 0x00000000e9c00000|  0%| F|  |TAMS 0x00000000e9b00000, 0x00000000e9b00000| Untracked 
| 156|0x00000000e9c00000, 0x00000000e9c00000, 0x00000000e9d00000|  0%| F|  |TAMS 0x00000000e9c00000, 0x00000000e9c00000| Untracked 
| 157|0x00000000e9d00000, 0x00000000e9d00000, 0x00000000e9e00000|  0%| F|  |TAMS 0x00000000e9d00000, 0x00000000e9d00000| Untracked 
| 158|0x00000000e9e00000, 0x00000000e9e00000, 0x00000000e9f00000|  0%| F|  |TAMS 0x00000000e9e00000, 0x00000000e9e00000| Untracked 
| 159|0x00000000e9f00000, 0x00000000e9f00000, 0x00000000ea000000|  0%| F|  |TAMS 0x00000000e9f00000, 0x00000000e9f00000| Untracked 
| 160|0x00000000ea000000, 0x00000000ea000000, 0x00000000ea100000|  0%| F|  |TAMS 0x00000000ea000000, 0x00000000ea000000| Untracked 
| 161|0x00000000ea100000, 0x00000000ea100000, 0x00000000ea200000|  0%| F|  |TAMS 0x00000000ea100000, 0x00000000ea100000| Untracked 
| 162|0x00000000ea200000, 0x00000000ea200000, 0x00000000ea300000|  0%| F|  |TAMS 0x00000000ea200000, 0x00000000ea200000| Untracked 
| 163|0x00000000ea300000, 0x00000000ea300000, 0x00000000ea400000|  0%| F|  |TAMS 0x00000000ea300000, 0x00000000ea300000| Untracked 
| 164|0x00000000ea400000, 0x00000000ea400000, 0x00000000ea500000|  0%| F|  |TAMS 0x00000000ea400000, 0x00000000ea400000| Untracked 
| 165|0x00000000ea500000, 0x00000000ea500000, 0x00000000ea600000|  0%| F|  |TAMS 0x00000000ea500000, 0x00000000ea500000| Untracked 
| 166|0x00000000ea600000, 0x00000000ea600000, 0x00000000ea700000|  0%| F|  |TAMS 0x00000000ea600000, 0x00000000ea600000| Untracked 
| 167|0x00000000ea700000, 0x00000000ea700000, 0x00000000ea800000|  0%| F|  |TAMS 0x00000000ea700000, 0x00000000ea700000| Untracked 
| 168|0x00000000ea800000, 0x00000000ea800000, 0x00000000ea900000|  0%| F|  |TAMS 0x00000000ea800000, 0x00000000ea800000| Untracked 
| 169|0x00000000ea900000, 0x00000000ea900000, 0x00000000eaa00000|  0%| F|  |TAMS 0x00000000ea900000, 0x00000000ea900000| Untracked 
| 170|0x00000000eaa00000, 0x00000000eaa00000, 0x00000000eab00000|  0%| F|  |TAMS 0x00000000eaa00000, 0x00000000eaa00000| Untracked 
| 171|0x00000000eab00000, 0x00000000eab00000, 0x00000000eac00000|  0%| F|  |TAMS 0x00000000eab00000, 0x00000000eab00000| Untracked 
| 172|0x00000000eac00000, 0x00000000eac00000, 0x00000000ead00000|  0%| F|  |TAMS 0x00000000eac00000, 0x00000000eac00000| Untracked 
| 173|0x00000000ead00000, 0x00000000ead00000, 0x00000000eae00000|  0%| F|  |TAMS 0x00000000ead00000, 0x00000000ead00000| Untracked 
| 174|0x00000000eae00000, 0x00000000eae00000, 0x00000000eaf00000|  0%| F|  |TAMS 0x00000000eae00000, 0x00000000eae00000| Untracked 
| 175|0x00000000eaf00000, 0x00000000eaf00000, 0x00000000eb000000|  0%| F|  |TAMS 0x00000000eaf00000, 0x00000000eaf00000| Untracked 
| 176|0x00000000eb000000, 0x00000000eb000000, 0x00000000eb100000|  0%| F|  |TAMS 0x00000000eb000000, 0x00000000eb000000| Untracked 
| 177|0x00000000eb100000, 0x00000000eb100000, 0x00000000eb200000|  0%| F|  |TAMS 0x00000000eb100000, 0x00000000eb100000| Untracked 
| 178|0x00000000eb200000, 0x00000000eb200000, 0x00000000eb300000|  0%| F|  |TAMS 0x00000000eb200000, 0x00000000eb200000| Untracked 
| 179|0x00000000eb300000, 0x00000000eb300000, 0x00000000eb400000|  0%| F|  |TAMS 0x00000000eb300000, 0x00000000eb300000| Untracked 
| 180|0x00000000eb400000, 0x00000000eb400000, 0x00000000eb500000|  0%| F|  |TAMS 0x00000000eb400000, 0x00000000eb400000| Untracked 
| 181|0x00000000eb500000, 0x00000000eb500000, 0x00000000eb600000|  0%| F|  |TAMS 0x00000000eb500000, 0x00000000eb500000| Untracked 
| 182|0x00000000eb600000, 0x00000000eb600000, 0x00000000eb700000|  0%| F|  |TAMS 0x00000000eb600000, 0x00000000eb600000| Untracked 
| 183|0x00000000eb700000, 0x00000000eb700000, 0x00000000eb800000|  0%| F|  |TAMS 0x00000000eb700000, 0x00000000eb700000| Untracked 
| 184|0x00000000eb800000, 0x00000000eb900000, 0x00000000eb900000|100%| E|  |TAMS 0x00000000eb800000, 0x00000000eb800000| Complete 
| 185|0x00000000eb900000, 0x00000000eba00000, 0x00000000eba00000|100%| E|CS|TAMS 0x00000000eb900000, 0x00000000eb900000| Complete 
| 186|0x00000000eba00000, 0x00000000ebb00000, 0x00000000ebb00000|100%| E|CS|TAMS 0x00000000eba00000, 0x00000000eba00000| Complete 
| 187|0x00000000ebb00000, 0x00000000ebc00000, 0x00000000ebc00000|100%| E|CS|TAMS 0x00000000ebb00000, 0x00000000ebb00000| Complete 
| 188|0x00000000ebc00000, 0x00000000ebd00000, 0x00000000ebd00000|100%| E|CS|TAMS 0x00000000ebc00000, 0x00000000ebc00000| Complete 
| 189|0x00000000ebd00000, 0x00000000ebe00000, 0x00000000ebe00000|100%| E|CS|TAMS 0x00000000ebd00000, 0x00000000ebd00000| Complete 
| 190|0x00000000ebe00000, 0x00000000ebf00000, 0x00000000ebf00000|100%| E|CS|TAMS 0x00000000ebe00000, 0x00000000ebe00000| Complete 
| 191|0x00000000ebf00000, 0x00000000ec000000, 0x00000000ec000000|100%| E|CS|TAMS 0x00000000ebf00000, 0x00000000ebf00000| Complete 
| 192|0x00000000ec000000, 0x00000000ec100000, 0x00000000ec100000|100%| E|CS|TAMS 0x00000000ec000000, 0x00000000ec000000| Complete 
| 193|0x00000000ec100000, 0x00000000ec200000, 0x00000000ec200000|100%| E|CS|TAMS 0x00000000ec100000, 0x00000000ec100000| Complete 
| 194|0x00000000ec200000, 0x00000000ec300000, 0x00000000ec300000|100%| E|CS|TAMS 0x00000000ec200000, 0x00000000ec200000| Complete 
| 195|0x00000000ec300000, 0x00000000ec400000, 0x00000000ec400000|100%| E|CS|TAMS 0x00000000ec300000, 0x00000000ec300000| Complete 
| 196|0x00000000ec400000, 0x00000000ec500000, 0x00000000ec500000|100%| E|CS|TAMS 0x00000000ec400000, 0x00000000ec400000| Complete 
| 197|0x00000000ec500000, 0x00000000ec600000, 0x00000000ec600000|100%| E|CS|TAMS 0x00000000ec500000, 0x00000000ec500000| Complete 
| 198|0x00000000ec600000, 0x00000000ec700000, 0x00000000ec700000|100%| E|CS|TAMS 0x00000000ec600000, 0x00000000ec600000| Complete 
| 199|0x00000000ec700000, 0x00000000ec800000, 0x00000000ec800000|100%| E|CS|TAMS 0x00000000ec700000, 0x00000000ec700000| Complete 
| 200|0x00000000ec800000, 0x00000000ec900000, 0x00000000ec900000|100%| E|CS|TAMS 0x00000000ec800000, 0x00000000ec800000| Complete 
| 201|0x00000000ec900000, 0x00000000eca00000, 0x00000000eca00000|100%| E|CS|TAMS 0x00000000ec900000, 0x00000000ec900000| Complete 
| 202|0x00000000eca00000, 0x00000000ecb00000, 0x00000000ecb00000|100%| E|CS|TAMS 0x00000000eca00000, 0x00000000eca00000| Complete 
| 203|0x00000000ecb00000, 0x00000000ecc00000, 0x00000000ecc00000|100%| E|CS|TAMS 0x00000000ecb00000, 0x00000000ecb00000| Complete 
| 204|0x00000000ecc00000, 0x00000000ecd00000, 0x00000000ecd00000|100%| E|CS|TAMS 0x00000000ecc00000, 0x00000000ecc00000| Complete 
| 205|0x00000000ecd00000, 0x00000000ece00000, 0x00000000ece00000|100%| E|CS|TAMS 0x00000000ecd00000, 0x00000000ecd00000| Complete 
| 206|0x00000000ece00000, 0x00000000ecf00000, 0x00000000ecf00000|100%| E|CS|TAMS 0x00000000ece00000, 0x00000000ece00000| Complete 
| 207|0x00000000ecf00000, 0x00000000ed000000, 0x00000000ed000000|100%| E|CS|TAMS 0x00000000ecf00000, 0x00000000ecf00000| Complete 
| 208|0x00000000ed000000, 0x00000000ed100000, 0x00000000ed100000|100%| E|CS|TAMS 0x00000000ed000000, 0x00000000ed000000| Complete 
| 209|0x00000000ed100000, 0x00000000ed200000, 0x00000000ed200000|100%| E|CS|TAMS 0x00000000ed100000, 0x00000000ed100000| Complete 
| 210|0x00000000ed200000, 0x00000000ed300000, 0x00000000ed300000|100%| E|CS|TAMS 0x00000000ed200000, 0x00000000ed200000| Complete 
| 211|0x00000000ed300000, 0x00000000ed400000, 0x00000000ed400000|100%| E|CS|TAMS 0x00000000ed300000, 0x00000000ed300000| Complete 
| 212|0x00000000ed400000, 0x00000000ed500000, 0x00000000ed500000|100%| E|CS|TAMS 0x00000000ed400000, 0x00000000ed400000| Complete 
| 213|0x00000000ed500000, 0x00000000ed600000, 0x00000000ed600000|100%| E|CS|TAMS 0x00000000ed500000, 0x00000000ed500000| Complete 
| 214|0x00000000ed600000, 0x00000000ed700000, 0x00000000ed700000|100%| E|CS|TAMS 0x00000000ed600000, 0x00000000ed600000| Complete 
| 215|0x00000000ed700000, 0x00000000ed800000, 0x00000000ed800000|100%| E|CS|TAMS 0x00000000ed700000, 0x00000000ed700000| Complete 
| 216|0x00000000ed800000, 0x00000000ed900000, 0x00000000ed900000|100%| E|CS|TAMS 0x00000000ed800000, 0x00000000ed800000| Complete 
| 217|0x00000000ed900000, 0x00000000eda00000, 0x00000000eda00000|100%| E|CS|TAMS 0x00000000ed900000, 0x00000000ed900000| Complete 
| 218|0x00000000eda00000, 0x00000000edb00000, 0x00000000edb00000|100%| E|CS|TAMS 0x00000000eda00000, 0x00000000eda00000| Complete 
| 219|0x00000000edb00000, 0x00000000edc00000, 0x00000000edc00000|100%| E|CS|TAMS 0x00000000edb00000, 0x00000000edb00000| Complete 
| 220|0x00000000edc00000, 0x00000000edd00000, 0x00000000edd00000|100%| E|CS|TAMS 0x00000000edc00000, 0x00000000edc00000| Complete 
| 221|0x00000000edd00000, 0x00000000ede00000, 0x00000000ede00000|100%| E|CS|TAMS 0x00000000edd00000, 0x00000000edd00000| Complete 
| 222|0x00000000ede00000, 0x00000000edf00000, 0x00000000edf00000|100%| E|CS|TAMS 0x00000000ede00000, 0x00000000ede00000| Complete 
| 223|0x00000000edf00000, 0x00000000ee000000, 0x00000000ee000000|100%| E|CS|TAMS 0x00000000edf00000, 0x00000000edf00000| Complete 
| 224|0x00000000ee000000, 0x00000000ee100000, 0x00000000ee100000|100%| E|CS|TAMS 0x00000000ee000000, 0x00000000ee000000| Complete 
| 225|0x00000000ee100000, 0x00000000ee200000, 0x00000000ee200000|100%| E|CS|TAMS 0x00000000ee100000, 0x00000000ee100000| Complete 
| 226|0x00000000ee200000, 0x00000000ee300000, 0x00000000ee300000|100%| E|CS|TAMS 0x00000000ee200000, 0x00000000ee200000| Complete 
| 227|0x00000000ee300000, 0x00000000ee400000, 0x00000000ee400000|100%| E|CS|TAMS 0x00000000ee300000, 0x00000000ee300000| Complete 
| 228|0x00000000ee400000, 0x00000000ee500000, 0x00000000ee500000|100%| E|CS|TAMS 0x00000000ee400000, 0x00000000ee400000| Complete 
| 229|0x00000000ee500000, 0x00000000ee600000, 0x00000000ee600000|100%| E|CS|TAMS 0x00000000ee500000, 0x00000000ee500000| Complete 
| 230|0x00000000ee600000, 0x00000000ee700000, 0x00000000ee700000|100%| E|CS|TAMS 0x00000000ee600000, 0x00000000ee600000| Complete 
| 231|0x00000000ee700000, 0x00000000ee800000, 0x00000000ee800000|100%| E|CS|TAMS 0x00000000ee700000, 0x00000000ee700000| Complete 
| 232|0x00000000ee800000, 0x00000000ee900000, 0x00000000ee900000|100%| E|CS|TAMS 0x00000000ee800000, 0x00000000ee800000| Complete 
| 233|0x00000000ee900000, 0x00000000eea00000, 0x00000000eea00000|100%| E|CS|TAMS 0x00000000ee900000, 0x00000000ee900000| Complete 
| 234|0x00000000eea00000, 0x00000000eeb00000, 0x00000000eeb00000|100%| E|CS|TAMS 0x00000000eea00000, 0x00000000eea00000| Complete 
| 235|0x00000000eeb00000, 0x00000000eec00000, 0x00000000eec00000|100%| E|CS|TAMS 0x00000000eeb00000, 0x00000000eeb00000| Complete 
| 236|0x00000000eec00000, 0x00000000eed00000, 0x00000000eed00000|100%| E|CS|TAMS 0x00000000eec00000, 0x00000000eec00000| Complete 
| 237|0x00000000eed00000, 0x00000000eee00000, 0x00000000eee00000|100%| E|CS|TAMS 0x00000000eed00000, 0x00000000eed00000| Complete 
| 238|0x00000000eee00000, 0x00000000eef00000, 0x00000000eef00000|100%| E|CS|TAMS 0x00000000eee00000, 0x00000000eee00000| Complete 
| 239|0x00000000eef00000, 0x00000000ef000000, 0x00000000ef000000|100%| E|CS|TAMS 0x00000000eef00000, 0x00000000eef00000| Complete 
| 240|0x00000000ef000000, 0x00000000ef100000, 0x00000000ef100000|100%| E|CS|TAMS 0x00000000ef000000, 0x00000000ef000000| Complete 
| 241|0x00000000ef100000, 0x00000000ef200000, 0x00000000ef200000|100%| E|CS|TAMS 0x00000000ef100000, 0x00000000ef100000| Complete 
| 242|0x00000000ef200000, 0x00000000ef300000, 0x00000000ef300000|100%| E|CS|TAMS 0x00000000ef200000, 0x00000000ef200000| Complete 
| 243|0x00000000ef300000, 0x00000000ef400000, 0x00000000ef400000|100%| E|CS|TAMS 0x00000000ef300000, 0x00000000ef300000| Complete 
| 244|0x00000000ef400000, 0x00000000ef500000, 0x00000000ef500000|100%| E|CS|TAMS 0x00000000ef400000, 0x00000000ef400000| Complete 
| 245|0x00000000ef500000, 0x00000000ef600000, 0x00000000ef600000|100%| E|CS|TAMS 0x00000000ef500000, 0x00000000ef500000| Complete 
| 246|0x00000000ef600000, 0x00000000ef700000, 0x00000000ef700000|100%| E|CS|TAMS 0x00000000ef600000, 0x00000000ef600000| Complete 
| 247|0x00000000ef700000, 0x00000000ef800000, 0x00000000ef800000|100%| E|CS|TAMS 0x00000000ef700000, 0x00000000ef700000| Complete 
| 248|0x00000000ef800000, 0x00000000ef900000, 0x00000000ef900000|100%| E|CS|TAMS 0x00000000ef800000, 0x00000000ef800000| Complete 
| 249|0x00000000ef900000, 0x00000000efa00000, 0x00000000efa00000|100%| E|CS|TAMS 0x00000000ef900000, 0x00000000ef900000| Complete 
| 250|0x00000000efa00000, 0x00000000efb00000, 0x00000000efb00000|100%| E|CS|TAMS 0x00000000efa00000, 0x00000000efa00000| Complete 
| 251|0x00000000efb00000, 0x00000000efc00000, 0x00000000efc00000|100%| E|CS|TAMS 0x00000000efb00000, 0x00000000efb00000| Complete 
| 252|0x00000000efc00000, 0x00000000efd00000, 0x00000000efd00000|100%| E|CS|TAMS 0x00000000efc00000, 0x00000000efc00000| Complete 
| 253|0x00000000efd00000, 0x00000000efe00000, 0x00000000efe00000|100%| E|CS|TAMS 0x00000000efd00000, 0x00000000efd00000| Complete 
| 254|0x00000000efe00000, 0x00000000eff00000, 0x00000000eff00000|100%| E|CS|TAMS 0x00000000efe00000, 0x00000000efe00000| Complete 
| 255|0x00000000eff00000, 0x00000000f0000000, 0x00000000f0000000|100%| E|CS|TAMS 0x00000000eff00000, 0x00000000eff00000| Complete 

Card table byte_map: [0x000001d536880000,0x000001d536980000] _byte_map_base: 0x000001d536180000

Marking Bits (Prev, Next): (CMBitMap*) 0x000001d51fc13f60, (CMBitMap*) 0x000001d51fc13f20
 Prev Bits: [0x000001d537280000, 0x000001d537a80000)
 Next Bits: [0x000001d536a80000, 0x000001d537280000)

Polling page: 0x000001d51f3b0000

Metaspace:

Usage:
  Non-class:     26.54 MB used.
      Class:      4.51 MB used.
       Both:     31.05 MB used.

Virtual space:
  Non-class space:       32.00 MB reserved,      26.75 MB ( 84%) committed,  4 nodes.
      Class space:      308.00 MB reserved,       4.69 MB (  2%) committed,  1 nodes.
             Both:      340.00 MB reserved,      31.44 MB (  9%) committed. 

Chunk freelists:
   Non-Class:  816.00 KB
       Class:  3.20 MB
        Both:  4.00 MB

MaxMetaspaceSize: 384.00 MB
CompressedClassSpaceSize: 308.00 MB
Initial GC threshold: 21.00 MB
Current GC threshold: 35.25 MB
CDS: on
MetaspaceReclaimPolicy: balanced
 - commit_granule_bytes: 65536.
 - commit_granule_words: 8192.
 - virtual_space_node_default_size: 1048576.
 - enlarge_chunks_in_place: 1.
 - new_chunks_are_fully_committed: 0.
 - uncommit_free_chunks: 1.
 - use_allocation_guard: 0.
 - handle_deallocations: 1.


Internal statistics:

num_allocs_failed_limit: 3.
num_arena_births: 410.
num_arena_deaths: 0.
num_vsnodes_births: 5.
num_vsnodes_deaths: 0.
num_space_committed: 503.
num_space_uncommitted: 0.
num_chunks_returned_to_freelist: 3.
num_chunks_taken_from_freelist: 1620.
num_chunk_merges: 3.
num_chunk_splits: 1044.
num_chunks_enlarged: 716.
num_purges: 0.
num_inconsistent_stats: 0.

CodeHeap 'non-profiled nmethods': size=120000Kb used=2151Kb max_used=2151Kb free=117848Kb
 bounds [0x000001d52ef20000, 0x000001d52f190000, 0x000001d536450000]
CodeHeap 'profiled nmethods': size=120000Kb used=7382Kb max_used=7382Kb free=112618Kb
 bounds [0x000001d5279f0000, 0x000001d528130000, 0x000001d52ef20000]
CodeHeap 'non-nmethods': size=5760Kb used=1268Kb max_used=1314Kb free=4492Kb
 bounds [0x000001d527450000, 0x000001d5276c0000, 0x000001d5279f0000]
 total_blobs=4121 nmethods=3552 adapters=481
 compilation: enabled
              stopped_count=0, restarted_count=0
 full_count=0

Compilation events (20 events):
Event: 3.470 Thread 0x000001d53a4c29b0 3503       2       java.util.LinkedList$ListItr::checkForComodification (23 bytes)
Event: 3.470 Thread 0x000001d53a4c29b0 nmethod 3503 0x000001d52810c510 code [0x000001d52810c6c0, 0x000001d52810c8a8]
Event: 3.470 Thread 0x000001d53a4c29b0 3504       1       java.util.Collections$EmptySet::contains (2 bytes)
Event: 3.470 Thread 0x000001d53a4c29b0 nmethod 3504 0x000001d52f136110 code [0x000001d52f1362a0, 0x000001d52f136378]
Event: 3.472 Thread 0x000001d53a4c29b0 3506       2       java.lang.ClassValue$Entry::isPromise (14 bytes)
Event: 3.472 Thread 0x000001d53a4c29b0 nmethod 3506 0x000001d52810c990 code [0x000001d52810cb20, 0x000001d52810cc38]
Event: 3.472 Thread 0x000001d53a4c29b0 3505       1       java.lang.ClassValue$Version::promise (5 bytes)
Event: 3.472 Thread 0x000001d53a4c29b0 nmethod 3505 0x000001d52f136410 code [0x000001d52f1365a0, 0x000001d52f136678]
Event: 3.472 Thread 0x000001d53a4c29b0 3507       1       org.codehaus.groovy.util.ManagedConcurrentLinkedQueue::access$000 (5 bytes)
Event: 3.472 Thread 0x000001d53a4c29b0 nmethod 3507 0x000001d52f136710 code [0x000001d52f1368a0, 0x000001d52f136958]
Event: 3.472 Thread 0x000001d53a4c29b0 3508       1       org.codehaus.groovy.reflection.ClassInfo::access$200 (5 bytes)
Event: 3.472 Thread 0x000001d53a4c29b0 nmethod 3508 0x000001d52f136a10 code [0x000001d52f136ba0, 0x000001d52f136c58]
Event: 3.472 Thread 0x000001d53a4c29b0 3509       2       java.lang.Class::privateGetPublicMethods (224 bytes)
Event: 3.473 Thread 0x000001d53a4c29b0 nmethod 3509 0x000001d52810cd10 code [0x000001d52810cf60, 0x000001d52810d698]
Event: 3.473 Thread 0x000001d53a4c29b0 3510       2       org.codehaus.groovy.reflection.ReflectionCache::isAssignableFrom (13 bytes)
Event: 3.473 Thread 0x000001d53a4c29b0 nmethod 3510 0x000001d52810dc10 code [0x000001d52810ddc0, 0x000001d52810df08]
Event: 3.473 Thread 0x000001d53a4c29b0 3511       2       org.codehaus.groovy.util.LockableObject::tryRelease (45 bytes)
Event: 3.473 Thread 0x000001d53a4c29b0 nmethod 3511 0x000001d52810e010 code [0x000001d52810e1c0, 0x000001d52810e3e8]
Event: 3.473 Thread 0x000001d53a4c29b0 3512       2       org.codehaus.groovy.reflection.ParameterTypes::getParameterTypes (16 bytes)
Event: 3.473 Thread 0x000001d53a4c29b0 nmethod 3512 0x000001d52810e510 code [0x000001d52810e6a0, 0x000001d52810e7e8]

GC Heap History (8 events):
Event: 0.424 GC heap before
{Heap before GC invocations=0 (full 0):
 garbage-first heap   total 262144K, used 22528K [0x00000000e0000000, 0x0000000100000000)
  region size 1024K, 23 young (23552K), 0 survivors (0K)
 Metaspace       used 1096K, committed 1216K, reserved 323584K
  class space    used 77K, committed 128K, reserved 315392K
}
Event: 0.425 GC heap after
{Heap after GC invocations=1 (full 0):
 garbage-first heap   total 262144K, used 3328K [0x00000000e0000000, 0x0000000100000000)
  region size 1024K, 3 young (3072K), 3 survivors (3072K)
 Metaspace       used 1096K, committed 1216K, reserved 323584K
  class space    used 77K, committed 128K, reserved 315392K
}
Event: 0.921 GC heap before
{Heap before GC invocations=1 (full 0):
 garbage-first heap   total 262144K, used 38144K [0x00000000e0000000, 0x0000000100000000)
  region size 1024K, 34 young (34816K), 3 survivors (3072K)
 Metaspace       used 4378K, committed 4544K, reserved 323584K
  class space    used 546K, committed 640K, reserved 315392K
}
Event: 0.925 GC heap after
{Heap after GC invocations=2 (full 0):
 garbage-first heap   total 262144K, used 11164K [0x00000000e0000000, 0x0000000100000000)
  region size 1024K, 5 young (5120K), 5 survivors (5120K)
 Metaspace       used 4378K, committed 4544K, reserved 323584K
  class space    used 546K, committed 640K, reserved 315392K
}
Event: 1.276 GC heap before
{Heap before GC invocations=2 (full 0):
 garbage-first heap   total 262144K, used 59292K [0x00000000e0000000, 0x0000000100000000)
  region size 1024K, 50 young (51200K), 5 survivors (5120K)
 Metaspace       used 4615K, committed 4800K, reserved 323584K
  class space    used 567K, committed 640K, reserved 315392K
}
Event: 1.279 GC heap after
{Heap after GC invocations=3 (full 0):
 garbage-first heap   total 262144K, used 16618K [0x00000000e0000000, 0x0000000100000000)
  region size 1024K, 5 young (5120K), 5 survivors (5120K)
 Metaspace       used 4615K, committed 4800K, reserved 323584K
  class space    used 567K, committed 640K, reserved 315392K
}
Event: 2.673 GC heap before
{Heap before GC invocations=3 (full 0):
 garbage-first heap   total 262144K, used 125162K [0x00000000e0000000, 0x0000000100000000)
  region size 1024K, 112 young (114688K), 5 survivors (5120K)
 Metaspace       used 21213K, committed 21504K, reserved 339968K
  class space    used 3108K, committed 3264K, reserved 315392K
}
Event: 2.680 GC heap after
{Heap after GC invocations=4 (full 0):
 garbage-first heap   total 262144K, used 24252K [0x00000000e0000000, 0x0000000100000000)
  region size 1024K, 12 young (12288K), 12 survivors (12288K)
 Metaspace       used 21213K, committed 21504K, reserved 339968K
  class space    used 3108K, committed 3264K, reserved 315392K
}

Deoptimization events (20 events):
Event: 3.341 Thread 0x000001d53c8e2fd0 Uncommon trap: trap_request=0xffffffc6 fr.pc=0x000001d52f11e20c relative=0x000000000000068c
Event: 3.341 Thread 0x000001d53c8e2fd0 Uncommon trap: reason=bimorphic_or_optimized_type_check action=maybe_recompile pc=0x000001d52f11e20c method=java.io.BufferedInputStream.read([BII)I @ 101 c2
Event: 3.341 Thread 0x000001d53c8e2fd0 DEOPT PACKING pc=0x000001d52f11e20c sp=0x0000000c0dff7da0
Event: 3.341 Thread 0x000001d53c8e2fd0 DEOPT UNPACKING pc=0x000001d5274a5ba3 sp=0x0000000c0dff7d58 mode 2
Event: 3.341 Thread 0x000001d53c8e2fd0 Uncommon trap: trap_request=0xffffffc6 fr.pc=0x000001d52f11e20c relative=0x000000000000068c
Event: 3.341 Thread 0x000001d53c8e2fd0 Uncommon trap: reason=bimorphic_or_optimized_type_check action=maybe_recompile pc=0x000001d52f11e20c method=java.io.BufferedInputStream.read([BII)I @ 101 c2
Event: 3.341 Thread 0x000001d53c8e2fd0 DEOPT PACKING pc=0x000001d52f11e20c sp=0x0000000c0dff7da0
Event: 3.341 Thread 0x000001d53c8e2fd0 DEOPT UNPACKING pc=0x000001d5274a5ba3 sp=0x0000000c0dff7d58 mode 2
Event: 3.341 Thread 0x000001d53c8e2fd0 Uncommon trap: trap_request=0xffffffc6 fr.pc=0x000001d52f11e20c relative=0x000000000000068c
Event: 3.341 Thread 0x000001d53c8e2fd0 Uncommon trap: reason=bimorphic_or_optimized_type_check action=maybe_recompile pc=0x000001d52f11e20c method=java.io.BufferedInputStream.read([BII)I @ 101 c2
Event: 3.341 Thread 0x000001d53c8e2fd0 DEOPT PACKING pc=0x000001d52f11e20c sp=0x0000000c0dff7da0
Event: 3.341 Thread 0x000001d53c8e2fd0 DEOPT UNPACKING pc=0x000001d5274a5ba3 sp=0x0000000c0dff7d58 mode 2
Event: 3.342 Thread 0x000001d53c8e2fd0 Uncommon trap: trap_request=0xffffffc6 fr.pc=0x000001d52f11e20c relative=0x000000000000068c
Event: 3.342 Thread 0x000001d53c8e2fd0 Uncommon trap: reason=bimorphic_or_optimized_type_check action=maybe_recompile pc=0x000001d52f11e20c method=java.io.BufferedInputStream.read([BII)I @ 101 c2
Event: 3.342 Thread 0x000001d53c8e2fd0 DEOPT PACKING pc=0x000001d52f11e20c sp=0x0000000c0dff7da0
Event: 3.342 Thread 0x000001d53c8e2fd0 DEOPT UNPACKING pc=0x000001d5274a5ba3 sp=0x0000000c0dff7d58 mode 2
Event: 3.360 Thread 0x000001d53c8e2fd0 Uncommon trap: trap_request=0xffffff45 fr.pc=0x000001d52f106374 relative=0x0000000000000b14
Event: 3.360 Thread 0x000001d53c8e2fd0 Uncommon trap: reason=unstable_if action=reinterpret pc=0x000001d52f106374 method=jdk.internal.org.objectweb.asm.MethodWriter.visitVarInsn(II)V @ 108 c2
Event: 3.360 Thread 0x000001d53c8e2fd0 DEOPT PACKING pc=0x000001d52f106374 sp=0x0000000c0dff0ea0
Event: 3.360 Thread 0x000001d53c8e2fd0 DEOPT UNPACKING pc=0x000001d5274a5ba3 sp=0x0000000c0dff0ea8 mode 2

Classes unloaded (0 events):
No events

Classes redefined (0 events):
No events

Internal exceptions (20 events):
Event: 3.118 Thread 0x000001d53c8e2fd0 Exception <a 'java/lang/NoSuchMethodError'{0x00000000ed9a6b90}: 'java.lang.Object java.lang.invoke.DirectMethodHandle$Holder.invokeSpecial(java.lang.Object, java.lang.Object, java.lang.Object, java.lang.Object, java.lang.Object, java.lang.Object, java.lang.Object, java.lang.Object, java.lang.Object, java.lang.Object, java.lang.Object, java.lang.Object)'> (0x00000000ed9a6b90) 
thrown [s\open\src\hotspot\share\interpreter\linkResolver.cpp, line 759]
Event: 3.118 Thread 0x000001d53c8e2fd0 Exception <a 'java/lang/NoSuchMethodError'{0x00000000ed9ac228}: 'java.lang.Object java.lang.invoke.Invokers$Holder.linkToTargetMethod(java.lang.Object, java.lang.Object, java.lang.Object, java.lang.Object, java.lang.Object, java.lang.Object, java.lang.Object, java.lang.Object, java.lang.Object, java.lang.Object, java.lang.Object)'> (0x00000000ed9ac228) 
thrown [s\open\src\hotspot\share\interpreter\linkResolver.cpp, line 759]
Event: 3.121 Thread 0x000001d53c8e2fd0 Exception <a 'java/lang/NoSuchMethodError'{0x00000000ed809080}: 'java.lang.Object java.lang.invoke.DirectMethodHandle$Holder.newInvokeSpecial(java.lang.Object, java.lang.Object, java.lang.Object, java.lang.Object, java.lang.Object, java.lang.Object, java.lang.Object, java.lang.Object, java.lang.Object, java.lang.Object, java.lang.Object, java.lang.Object)'> (0x00000000ed809080) 
thrown [s\open\src\hotspot\share\interpreter\linkResolver.cpp, line 759]
Event: 3.121 Thread 0x000001d53c8e2fd0 Exception <a 'java/lang/NoSuchMethodError'{0x00000000ed80eda0}: 'java.lang.Object java.lang.invoke.DirectMethodHandle$Holder.invokeSpecial(java.lang.Object, java.lang.Object, java.lang.Object, java.lang.Object, java.lang.Object, java.lang.Object, java.lang.Object, java.lang.Object, java.lang.Object, java.lang.Object, java.lang.Object, java.lang.Object, java.lang.Object)'> (0x00000000ed80eda0) 
thrown [s\open\src\hotspot\share\interpreter\linkResolver.cpp, line 759]
Event: 3.121 Thread 0x000001d53c8e2fd0 Exception <a 'java/lang/NoSuchMethodError'{0x00000000ed8145c0}: 'java.lang.Object java.lang.invoke.Invokers$Holder.linkToTargetMethod(java.lang.Object, java.lang.Object, java.lang.Object, java.lang.Object, java.lang.Object, java.lang.Object, java.lang.Object, java.lang.Object, java.lang.Object, java.lang.Object, java.lang.Object, java.lang.Object)'> (0x00000000ed8145c0) 
thrown [s\open\src\hotspot\share\interpreter\linkResolver.cpp, line 759]
Event: 3.195 Thread 0x000001d53c8e2fd0 Exception <a 'java/lang/IncompatibleClassChangeError'{0x00000000ed126858}: Found class java.lang.Object, but interface was expected> (0x00000000ed126858) 
thrown [s\open\src\hotspot\share\interpreter\linkResolver.cpp, line 826]
Event: 3.205 Thread 0x000001d53c8e2fd0 Exception <a 'java/lang/NoSuchMethodError'{0x00000000ed07eb10}: 'java.lang.Object java.lang.invoke.DirectMethodHandle$Holder.newInvokeSpecial(java.lang.Object, java.lang.Object, long)'> (0x00000000ed07eb10) 
thrown [s\open\src\hotspot\share\interpreter\linkResolver.cpp, line 759]
Event: 3.205 Thread 0x000001d53c8e2fd0 Exception <a 'java/lang/NoSuchMethodError'{0x00000000ed083120}: 'java.lang.Object java.lang.invoke.Invokers$Holder.linkToTargetMethod(java.lang.Object, long, java.lang.Object)'> (0x00000000ed083120) 
thrown [s\open\src\hotspot\share\interpreter\linkResolver.cpp, line 759]
Event: 3.225 Thread 0x000001d53c8e2fd0 Exception <a 'java/lang/NoSuchMethodError'{0x00000000ecead800}: 'int java.lang.invoke.DirectMethodHandle$Holder.invokeInterface(java.lang.Object, java.lang.Object)'> (0x00000000ecead800) 
thrown [s\open\src\hotspot\share\interpreter\linkResolver.cpp, line 759]
Event: 3.231 Thread 0x000001d53c8e2fd0 Exception <a 'java/lang/NoSuchMethodError'{0x00000000ecd21078}: 'java.lang.Object java.lang.invoke.DirectMethodHandle$Holder.invokeVirtual(java.lang.Object, java.lang.Object, int)'> (0x00000000ecd21078) 
thrown [s\open\src\hotspot\share\interpreter\linkResolver.cpp, line 759]
Event: 3.233 Thread 0x000001d53c8e2fd0 Exception <a 'java/lang/NoSuchMethodError'{0x00000000ecd4fec0}: 'void java.lang.invoke.DirectMethodHandle$Holder.invokeStatic(java.lang.Object, java.lang.Object, java.lang.Object, int)'> (0x00000000ecd4fec0) 
thrown [s\open\src\hotspot\share\interpreter\linkResolver.cpp, line 759]
Event: 3.242 Thread 0x000001d53c8e2fd0 Exception <a 'java/lang/NoSuchMethodError'{0x00000000ecded550}: 'java.lang.Object java.lang.invoke.DirectMethodHandle$Holder.invokeStatic(java.lang.Object, java.lang.Object, int, java.lang.Object)'> (0x00000000ecded550) 
thrown [s\open\src\hotspot\share\interpreter\linkResolver.cpp, line 759]
Event: 3.243 Thread 0x000001d53c8e2fd0 Exception <a 'java/lang/NoSuchMethodError'{0x00000000ecdf54d0}: 'java.lang.Object java.lang.invoke.DirectMethodHandle$Holder.newInvokeSpecial(java.lang.Object, java.lang.Object, int, java.lang.Object)'> (0x00000000ecdf54d0) 
thrown [s\open\src\hotspot\share\interpreter\linkResolver.cpp, line 759]
Event: 3.243 Thread 0x000001d53c8e2fd0 Exception <a 'java/lang/NoSuchMethodError'{0x00000000ecdf9eb0}: 'java.lang.Object java.lang.invoke.DirectMethodHandle$Holder.invokeSpecial(java.lang.Object, java.lang.Object, java.lang.Object, int, java.lang.Object)'> (0x00000000ecdf9eb0) 
thrown [s\open\src\hotspot\share\interpreter\linkResolver.cpp, line 759]
Event: 3.297 Thread 0x000001d53c8e2fd0 Exception <a 'java/lang/NoSuchMethodError'{0x00000000ec9cff90}: 'java.lang.Object java.lang.invoke.DirectMethodHandle$Holder.invokeStaticInit(java.lang.Object, java.lang.Object, java.lang.Object, java.lang.Object, java.lang.Object, java.lang.Object, java.lang.Object)'> (0x00000000ec9cff90) 
thrown [s\open\src\hotspot\share\interpreter\linkResolver.cpp, line 759]
Event: 3.299 Thread 0x000001d53c8e2fd0 Exception <a 'java/lang/NoSuchMethodError'{0x00000000ec9f99f8}: 'java.lang.Object java.lang.invoke.DirectMethodHandle$Holder.invokeSpecial(java.lang.Object, java.lang.Object, java.lang.Object, int, java.lang.Object, java.lang.Object)'> (0x00000000ec9f99f8) 
thrown [s\open\src\hotspot\share\interpreter\linkResolver.cpp, line 759]
Event: 3.360 Thread 0x000001d53c8e2fd0 Implicit null exception at 0x000001d52f105980 to 0x000001d52f106364
Event: 3.379 Thread 0x000001d53c8e2fd0 Exception <a 'java/lang/NoSuchMethodError'{0x00000000ec1600d8}: 'void java.lang.invoke.DirectMethodHandle$Holder.invokeStaticInit(java.lang.Object, java.lang.Object, java.lang.Object)'> (0x00000000ec1600d8) 
thrown [s\open\src\hotspot\share\interpreter\linkResolver.cpp, line 759]
Event: 3.381 Thread 0x000001d53c8e2fd0 Exception <a 'java/lang/NoSuchMethodError'{0x00000000ec185420}: 'void java.lang.invoke.DirectMethodHandle$Holder.invokeStaticInit(java.lang.Object, java.lang.Object, java.lang.Object, java.lang.Object, java.lang.Object)'> (0x00000000ec185420) 
thrown [s\open\src\hotspot\share\interpreter\linkResolver.cpp, line 759]
Event: 3.391 Thread 0x000001d53c8e2fd0 Exception <a 'java/lang/NoSuchMethodError'{0x00000000ec1e1088}: 'int java.lang.invoke.DirectMethodHandle$Holder.invokeStaticInit(java.lang.Object, java.lang.Object, java.lang.Object, java.lang.Object)'> (0x00000000ec1e1088) 
thrown [s\open\src\hotspot\share\interpreter\linkResolver.cpp, line 759]

VM Operations (20 events):
Event: 2.688 Executing VM operation: G1Concurrent
Event: 2.688 Executing VM operation: G1Concurrent done
Event: 2.778 Executing VM operation: HandshakeAllThreads
Event: 2.778 Executing VM operation: HandshakeAllThreads done
Event: 3.021 Executing VM operation: HandshakeAllThreads
Event: 3.021 Executing VM operation: HandshakeAllThreads done
Event: 3.103 Executing VM operation: HandshakeAllThreads
Event: 3.103 Executing VM operation: HandshakeAllThreads done
Event: 3.161 Executing VM operation: ICBufferFull
Event: 3.162 Executing VM operation: ICBufferFull done
Event: 3.197 Executing VM operation: HandshakeAllThreads
Event: 3.197 Executing VM operation: HandshakeAllThreads done
Event: 3.207 Executing VM operation: HandshakeAllThreads
Event: 3.207 Executing VM operation: HandshakeAllThreads done
Event: 3.276 Executing VM operation: HandshakeAllThreads
Event: 3.276 Executing VM operation: HandshakeAllThreads done
Event: 3.276 Executing VM operation: HandshakeAllThreads
Event: 3.276 Executing VM operation: HandshakeAllThreads done
Event: 3.356 Executing VM operation: HandshakeAllThreads
Event: 3.356 Executing VM operation: HandshakeAllThreads done

Events (20 events):
Event: 3.405 loading class java/lang/ProcessHandle
Event: 3.405 loading class java/lang/ProcessHandle done
Event: 3.466 loading class java/util/OptionalDouble
Event: 3.467 loading class java/util/OptionalDouble done
Event: 3.467 loading class java/util/OptionalLong
Event: 3.467 loading class java/util/OptionalLong done
Event: 3.467 loading class java/util/stream/LongStream
Event: 3.467 loading class java/util/stream/LongStream done
Event: 3.467 loading class java/util/stream/DoubleStream
Event: 3.467 loading class java/util/stream/DoubleStream done
Event: 3.468 loading class java/util/function/LongPredicate
Event: 3.468 loading class java/util/function/LongPredicate done
Event: 3.468 loading class java/util/function/DoublePredicate
Event: 3.468 loading class java/util/function/DoublePredicate done
Event: 3.468 loading class java/util/function/DoubleFunction
Event: 3.468 loading class java/util/function/DoubleFunction done
Event: 3.472 loading class java/lang/Enum$EnumDesc
Event: 3.472 loading class java/lang/Enum$EnumDesc done
Event: 3.474 loading class java/util/ResourceBundle$CacheKey
Event: 3.474 loading class java/util/ResourceBundle$CacheKey done


Dynamic libraries:
0x00007ff7da5b0000 - 0x00007ff7da5c0000 	C:\Program Files\Java\jdk-17.0.5\bin\java.exe
0x00007ffdea250000 - 0x00007ffdea467000 	C:\WINDOWS\SYSTEM32\ntdll.dll
0x00007ffde81d0000 - 0x00007ffde8294000 	C:\WINDOWS\System32\KERNEL32.DLL
0x00007ffde7980000 - 0x00007ffde7d3a000 	C:\WINDOWS\System32\KERNELBASE.dll
0x00007ffde7640000 - 0x00007ffde7751000 	C:\WINDOWS\System32\ucrtbase.dll
0x00007ffde0710000 - 0x00007ffde0728000 	C:\Program Files\Java\jdk-17.0.5\bin\jli.dll
0x00007ffde7f50000 - 0x00007ffde8002000 	C:\WINDOWS\System32\ADVAPI32.dll
0x00007ffde06d0000 - 0x00007ffde06ea000 	C:\Program Files\Java\jdk-17.0.5\bin\VCRUNTIME140.dll
0x00007ffde96e0000 - 0x00007ffde9787000 	C:\WINDOWS\System32\msvcrt.dll
0x00007ffde8600000 - 0x00007ffde86a7000 	C:\WINDOWS\System32\sechost.dll
0x00007ffde7760000 - 0x00007ffde7788000 	C:\WINDOWS\System32\bcrypt.dll
0x00007ffde82a0000 - 0x00007ffde83b4000 	C:\WINDOWS\System32\RPCRT4.dll
0x00007ffde8020000 - 0x00007ffde81ce000 	C:\WINDOWS\System32\USER32.dll
0x00007ffde7f20000 - 0x00007ffde7f46000 	C:\WINDOWS\System32\win32u.dll
0x00007ffde8b20000 - 0x00007ffde8b49000 	C:\WINDOWS\System32\GDI32.dll
0x00007ffdcad10000 - 0x00007ffdcafa2000 	C:\WINDOWS\WinSxS\amd64_microsoft.windows.common-controls_6595b64144ccf1df_6.0.22621.4541_none_2710d1c57384c085\COMCTL32.dll
0x00007ffde7520000 - 0x00007ffde763b000 	C:\WINDOWS\System32\gdi32full.dll
0x00007ffde7e00000 - 0x00007ffde7e9a000 	C:\WINDOWS\System32\msvcp_win.dll
0x00007ffddc090000 - 0x00007ffddc09a000 	C:\WINDOWS\SYSTEM32\VERSION.dll
0x00007ffde9e40000 - 0x00007ffde9e71000 	C:\WINDOWS\System32\IMM32.DLL
0x00007ffde42c0000 - 0x00007ffde42cc000 	C:\Program Files\Java\jdk-17.0.5\bin\vcruntime140_1.dll
0x00007ffdc0cd0000 - 0x00007ffdc0d5d000 	C:\Program Files\Java\jdk-17.0.5\bin\msvcp140.dll
0x00007ffd95940000 - 0x00007ffd96502000 	C:\Program Files\Java\jdk-17.0.5\bin\server\jvm.dll
0x00007ffde96d0000 - 0x00007ffde96d8000 	C:\WINDOWS\System32\PSAPI.DLL
0x00007ffde2820000 - 0x00007ffde2854000 	C:\WINDOWS\SYSTEM32\WINMM.dll
0x00007ffde2e80000 - 0x00007ffde2e89000 	C:\WINDOWS\SYSTEM32\WSOCK32.dll
0x00007ffde9400000 - 0x00007ffde9471000 	C:\WINDOWS\System32\WS2_32.dll
0x00007ffde6520000 - 0x00007ffde6538000 	C:\WINDOWS\SYSTEM32\kernel.appcore.dll
0x00007ffde1f60000 - 0x00007ffde1f6a000 	C:\Program Files\Java\jdk-17.0.5\bin\jimage.dll
0x00007ffde48c0000 - 0x00007ffde4af2000 	C:\WINDOWS\SYSTEM32\DBGHELP.DLL
0x00007ffde9e80000 - 0x00007ffdea20f000 	C:\WINDOWS\System32\combase.dll
0x00007ffde9580000 - 0x00007ffde9657000 	C:\WINDOWS\System32\OLEAUT32.dll
0x00007ffddab00000 - 0x00007ffddab32000 	C:\WINDOWS\SYSTEM32\dbgcore.DLL
0x00007ffde7790000 - 0x00007ffde780b000 	C:\WINDOWS\System32\bcryptPrimitives.dll
0x00007ffde0620000 - 0x00007ffde062e000 	C:\Program Files\Java\jdk-17.0.5\bin\instrument.dll
0x00007ffde03d0000 - 0x00007ffde03f5000 	C:\Program Files\Java\jdk-17.0.5\bin\java.dll
0x00007ffdb72e0000 - 0x00007ffdb73b6000 	C:\Program Files\Java\jdk-17.0.5\bin\jsvml.dll
0x00007ffde8b50000 - 0x00007ffde93c8000 	C:\WINDOWS\System32\SHELL32.dll
0x00007ffde5410000 - 0x00007ffde5d18000 	C:\WINDOWS\SYSTEM32\windows.storage.dll
0x00007ffde52d0000 - 0x00007ffde540f000 	C:\WINDOWS\SYSTEM32\wintypes.dll
0x00007ffde86b0000 - 0x00007ffde87aa000 	C:\WINDOWS\System32\SHCORE.dll
0x00007ffde9520000 - 0x00007ffde957e000 	C:\WINDOWS\System32\shlwapi.dll
0x00007ffde7450000 - 0x00007ffde747b000 	C:\WINDOWS\SYSTEM32\profapi.dll
0x00007ffdd32e0000 - 0x00007ffdd32f8000 	C:\Program Files\Java\jdk-17.0.5\bin\zip.dll
0x00007ffdca1d0000 - 0x00007ffdca1e9000 	C:\Program Files\Java\jdk-17.0.5\bin\net.dll
0x00007ffde3f60000 - 0x00007ffde4096000 	C:\WINDOWS\SYSTEM32\WINHTTP.dll
0x00007ffde6990000 - 0x00007ffde69f9000 	C:\WINDOWS\system32\mswsock.dll
0x00007ffdc46e0000 - 0x00007ffdc46f6000 	C:\Program Files\Java\jdk-17.0.5\bin\nio.dll
0x00007ffde03c0000 - 0x00007ffde03d0000 	C:\Program Files\Java\jdk-17.0.5\bin\verify.dll
0x00007ffdc46b0000 - 0x00007ffdc46d7000 	C:\Users\kimha\.gradle\native\c067742578af261105cb4f569cf0c3c89f3d7b1fecec35dd04571415982c5e48\windows-amd64\native-platform.dll
0x00007ffd9fde0000 - 0x00007ffd9ff24000 	C:\Users\kimha\.gradle\native\100fb08df4bc3b14c8652ba06237920a3bd2aa13389f12d3474272988ae205f9\windows-amd64\native-platform-file-events.dll
0x00007ffdd0560000 - 0x00007ffdd0569000 	C:\Program Files\Java\jdk-17.0.5\bin\management.dll
0x00007ffdcd080000 - 0x00007ffdcd08b000 	C:\Program Files\Java\jdk-17.0.5\bin\management_ext.dll
0x00007ffde6ce0000 - 0x00007ffde6cfb000 	C:\WINDOWS\SYSTEM32\CRYPTSP.dll
0x00007ffde6480000 - 0x00007ffde64b5000 	C:\WINDOWS\system32\rsaenh.dll
0x00007ffde6a30000 - 0x00007ffde6a58000 	C:\WINDOWS\SYSTEM32\USERENV.dll
0x00007ffde6cc0000 - 0x00007ffde6ccc000 	C:\WINDOWS\SYSTEM32\CRYPTBASE.dll
0x00007ffde5f80000 - 0x00007ffde5fad000 	C:\WINDOWS\SYSTEM32\IPHLPAPI.DLL
0x00007ffde9510000 - 0x00007ffde9519000 	C:\WINDOWS\System32\NSI.dll
0x00007ffde3b40000 - 0x00007ffde3b59000 	C:\WINDOWS\SYSTEM32\dhcpcsvc6.DLL
0x00007ffde3b20000 - 0x00007ffde3b3f000 	C:\WINDOWS\SYSTEM32\dhcpcsvc.DLL
0x00007ffde5fb0000 - 0x00007ffde60b2000 	C:\WINDOWS\SYSTEM32\DNSAPI.dll
0x00007ffdca1c0000 - 0x00007ffdca1ce000 	C:\Program Files\Java\jdk-17.0.5\bin\sunmscapi.dll
0x00007ffde7810000 - 0x00007ffde7976000 	C:\WINDOWS\System32\CRYPT32.dll
0x00007ffde6e60000 - 0x00007ffde6e8d000 	C:\WINDOWS\SYSTEM32\ncrypt.dll
0x00007ffde6db0000 - 0x00007ffde6de7000 	C:\WINDOWS\SYSTEM32\NTASN1.dll
0x00007ffd64d50000 - 0x00007ffd64d58000 	C:\WINDOWS\system32\wshunix.dll

dbghelp: loaded successfully - version: 4.0.5 - missing functions: none
symbol engine: initialized successfully - sym options: 0x614 - pdb path: .;C:\Program Files\Java\jdk-17.0.5\bin;C:\WINDOWS\SYSTEM32;C:\WINDOWS\WinSxS\amd64_microsoft.windows.common-controls_6595b64144ccf1df_6.0.22621.4541_none_2710d1c57384c085;C:\Program Files\Java\jdk-17.0.5\bin\server;C:\Users\kimha\.gradle\native\c067742578af261105cb4f569cf0c3c89f3d7b1fecec35dd04571415982c5e48\windows-amd64;C:\Users\kimha\.gradle\native\100fb08df4bc3b14c8652ba06237920a3bd2aa13389f12d3474272988ae205f9\windows-amd64

VM Arguments:
jvm_args: --add-opens=java.base/java.lang=ALL-UNNAMED --add-opens=java.base/java.lang.invoke=ALL-UNNAMED --add-opens=java.base/java.util=ALL-UNNAMED --add-opens=java.prefs/java.util.prefs=ALL-UNNAMED --add-exports=jdk.compiler/com.sun.tools.javac.api=ALL-UNNAMED --add-exports=jdk.compiler/com.sun.tools.javac.util=ALL-UNNAMED --add-opens=java.base/java.util=ALL-UNNAMED --add-opens=java.prefs/java.util.prefs=ALL-UNNAMED --add-opens=java.base/java.nio.charset=ALL-UNNAMED --add-opens=java.base/java.net=ALL-UNNAMED --add-opens=java.base/java.util.concurrent.atomic=ALL-UNNAMED --add-opens=java.xml/javax.xml.namespace=ALL-UNNAMED -XX:MaxMetaspaceSize=384m -XX:+HeapDumpOnOutOfMemoryError -Xms256m -Xmx512m -Dfile.encoding=UTF-8 -Duser.country=KR -Duser.language=ko -Duser.variant -javaagent:C:\Users\kimha\.gradle\wrapper\dists\gradle-8.11.1-bin\bpt9gzteqjrbo1mjrsomdt32c\gradle-8.11.1\lib\agents\gradle-instrumentation-agent-8.11.1.jar 
java_command: org.gradle.launcher.daemon.bootstrap.GradleDaemon 8.11.1
java_class_path (initial): C:\Users\kimha\.gradle\wrapper\dists\gradle-8.11.1-bin\bpt9gzteqjrbo1mjrsomdt32c\gradle-8.11.1\lib\gradle-daemon-main-8.11.1.jar
Launcher Type: SUN_STANDARD

[Global flags]
     intx CICompilerCount                          = 4                                         {product} {ergonomic}
   size_t CompressedClassSpaceSize                 = 322961408                                 {product} {ergonomic}
     uint ConcGCThreads                            = 2                                         {product} {ergonomic}
     uint G1ConcRefinementThreads                  = 8                                         {product} {ergonomic}
   size_t G1HeapRegionSize                         = 1048576                                   {product} {ergonomic}
    uintx GCDrainStackTargetSize                   = 64                                        {product} {ergonomic}
     bool HeapDumpOnOutOfMemoryError               = true                                   {manageable} {command line}
   size_t InitialHeapSize                          = 268435456                                 {product} {command line}
   size_t MarkStackSize                            = 4194304                                   {product} {ergonomic}
   size_t MaxHeapSize                              = 536870912                                 {product} {command line}
   size_t MaxMetaspaceSize                         = 402653184                                 {product} {command line}
   size_t MaxNewSize                               = 321912832                                 {product} {ergonomic}
   size_t MinHeapDeltaBytes                        = 1048576                                   {product} {ergonomic}
   size_t MinHeapSize                              = 268435456                                 {product} {command line}
    uintx NonNMethodCodeHeapSize                   = 5839372                                {pd product} {ergonomic}
    uintx NonProfiledCodeHeapSize                  = 122909434                              {pd product} {ergonomic}
    uintx ProfiledCodeHeapSize                     = 122909434                              {pd product} {ergonomic}
    uintx ReservedCodeCacheSize                    = 251658240                              {pd product} {ergonomic}
     bool SegmentedCodeCache                       = true                                      {product} {ergonomic}
   size_t SoftMaxHeapSize                          = 536870912                              {manageable} {ergonomic}
     bool UseCompressedClassPointers               = true                           {product lp64_product} {ergonomic}
     bool UseCompressedOops                        = true                           {product lp64_product} {ergonomic}
     bool UseG1GC                                  = true                                      {product} {ergonomic}
     bool UseLargePagesIndividualAllocation        = false                                  {pd product} {ergonomic}

Logging:
Log output configuration:
 #0: stdout all=warning uptime,level,tags
 #1: stderr all=off uptime,level,tags

Environment Variables:
JAVA_HOME=C:\Program Files\Java\jdk-17.0.5
PATH=C:\Program Files (x86)\VMware\VMware Workstation\bin\;C:\Program Files\Common Files\Oracle\Java\javapath;C:\WINDOWS\system32;C:\WINDOWS;C:\WINDOWS\System32\Wbem;C:\WINDOWS\System32\WindowsPowerShell\v1.0\;C:\WINDOWS\System32\OpenSSH\;C:\Users\kimha\AppData\Roaming\nvm;C:\Program Files\nodejs;C:\Program Files\Microsoft VS Code\bin;C:\Program Files\Java\jdk-17.0.5\bin;C:\Program Files\Git\cmd;C:\Program Files\MySQL\MySQL Server 8.0\bin;C:\Program Files (x86)\NetSarang\Xshell 7\;C:\MinGW\bin;C:\MinGW\msys\1.0\bin;C:\APM\php8;C:\Program Files\MySQL\MySQL Server 8.0\bin;C:\Program Files\Redis\;C:\Program Files\nodejs\;C:\Program Files\Docker\Docker\resources\bin;C:\Users\kimha\anaconda3;C:\Users\kimha\anaconda3\Library\mingw-w64\bin;C:\Users\kimha\anaconda3\Library\usr\bin;C:\Users\kimha\anaconda3\Library\bin;C:\Users\kimha\anaconda3\Scripts;C:\Ruby31-x64\bin;C:\Users\kimha\AppData\Local\Programs\Python\Python39\Scripts\;C:\Users\kimha\AppData\Local\Programs\Python\Python39\;C:\Users\kimha\AppData\Local\Microsoft\WindowsApps;C:\Program Files\JetBrains\PyCharm Community Edition 2021.3.2\bin;C:\Users\kimha\AppData\Roaming\nvm;C:\Program Files\nodejs;C:\Program Files\Git\cmd;C:\Users\kimha\AppData\Local\Microsoft\WindowsApps;C:\Users\kimha\AppData\Roaming\npm;C:\Program Files\JetBrains\IntelliJ IDEA 2024.3.1.1\bin;
USERNAME=kimha
OS=Windows_NT
PROCESSOR_IDENTIFIER=Intel64 Family 6 Model 140 Stepping 1, GenuineIntel



---------------  S Y S T E M  ---------------

OS:
 Windows 11 , 64 bit Build 22621 (10.0.22621.4391)
OS uptime: 2 days 23:12 hours
Hyper-V role detected

CPU: total 8 (initial active 8) (4 cores per cpu, 2 threads per core) family 6 model 140 stepping 1 microcode 0x8a, cx8, cmov, fxsr, ht, mmx, 3dnowpref, sse, sse2, sse3, ssse3, sse4.1, sse4.2, popcnt, lzcnt, tsc, tscinvbit, avx, avx2, aes, erms, clmul, bmi1, bmi2, adx, avx512f, avx512dq, avx512cd, avx512bw, avx512vl, sha, fma, vzeroupper, avx512_vpopcntdq, avx512_vpclmulqdq, avx512_vaes, avx512_vnni, clflush, clflushopt, clwb, avx512_vbmi2, avx512_vbmi, hv

Memory: 4k page, system-wide physical 16108M (4089M free)
TotalPageFile size 18010M (AvailPageFile size 4M)
current process WorkingSet (physical memory assigned to process): 298M, peak: 298M
current process commit charge ("private bytes"): 467M, peak: 468M

vm_info: Java HotSpot(TM) 64-Bit Server VM (17.0.5+9-LTS-191) for windows-amd64 JRE (17.0.5+9-LTS-191), built on Sep 13 2022 17:31:43 by "mach5one" with MS VC++ 16.8 / 16.9 (VS2019)

END.
