#
# There is insufficient memory for the Java Runtime Environment to continue.
# Native memory allocation (mmap) failed to map 264241152 bytes for G1 virtual space
# Possible reasons:
#   The system is out of physical RAM or swap space
#   The process is running with CompressedOops enabled, and the Java Heap may be blocking the growth of the native heap
# Possible solutions:
#   Reduce memory load on the system
#   Increase physical memory or swap space
#   Check if swap backing store is full
#   Decrease Java heap size (-Xmx/-Xms)
#   Decrease number of Java threads
#   Decrease Java thread stack sizes (-Xss)
#   Set larger code cache with -XX:ReservedCodeCacheSize=
#   JVM is running with Zero Based Compressed Oops mode in which the Java heap is
#     placed in the first 32GB address space. The Java Heap base address is the
#     maximum limit for the native heap growth. Please use -XX:HeapBaseMinAddress
#     to set the Java Heap base and to place the Java Heap above 32GB virtual address.
# This output file may be truncated or incomplete.
#
#  Out of Memory Error (os_windows.cpp:3541), pid=23080, tid=17196
#
# JRE version:  (17.0.5+9) (build )
# Java VM: Java HotSpot(TM) 64-Bit Server VM (17.0.5+9-LTS-191, mixed mode, sharing, tiered, compressed oops, compressed class ptrs, g1 gc, windows-amd64)
# No core dump will be written. Minidumps are not enabled by default on client versions of Windows
#

---------------  S U M M A R Y ------------

Command Line: 

Host: 11th Gen Intel(R) Core(TM) i5-1135G7 @ 2.40GHz, 8 cores, 15G,  Windows 11 , 64 bit Build 22621 (10.0.22621.4391)
Time: Wed Jan  1 11:19:03 2025  Windows 11 , 64 bit Build 22621 (10.0.22621.4391) elapsed time: 0.036652 seconds (0d 0h 0m 0s)

---------------  T H R E A D  ---------------

Current thread (0x00000200eeb91e70):  JavaThread "Unknown thread" [_thread_in_vm, id=17196, stack(0x0000009ca4700000,0x0000009ca4800000)]

Stack: [0x0000009ca4700000,0x0000009ca4800000]
Native frames: (J=compiled Java code, j=interpreted, Vv=VM code, C=native code)
V  [jvm.dll+0x672eea]
V  [jvm.dll+0x7d2a04]
V  [jvm.dll+0x7d41ae]
V  [jvm.dll+0x7d4813]
V  [jvm.dll+0x242c15]
V  [jvm.dll+0x66fe09]
V  [jvm.dll+0x664682]
V  [jvm.dll+0x300e8b]
V  [jvm.dll+0x308426]
V  [jvm.dll+0x357ffe]
V  [jvm.dll+0x35822f]
V  [jvm.dll+0x2d80a8]
V  [jvm.dll+0x2d9014]
V  [jvm.dll+0x7a44e1]
V  [jvm.dll+0x365df1]
V  [jvm.dll+0x7838fc]
V  [jvm.dll+0x3e873f]
V  [jvm.dll+0x3ea1e1]
C  [jli.dll+0x527b]
C  [ucrtbase.dll+0x29333]
C  [KERNEL32.DLL+0x1259d]
C  [ntdll.dll+0x5af38]


---------------  P R O C E S S  ---------------

Threads class SMR info:
_java_thread_list=0x00007ffd3bc2a8d8, length=0, elements={
}

Java Threads: ( => current thread )

Other Threads:
  0x00000200eebfebf0 GCTaskThread "GC Thread#0" [stack: 0x0000009ca4800000,0x0000009ca4900000] [id=5096]
  0x00000200eec10600 ConcurrentGCThread "G1 Main Marker" [stack: 0x0000009ca4900000,0x0000009ca4a00000] [id=25404]
  0x00000200eec10f10 ConcurrentGCThread "G1 Conc#0" [stack: 0x0000009ca4a00000,0x0000009ca4b00000] [id=10132]

[error occurred during error reporting (printing all threads), id 0xc0000005, EXCEPTION_ACCESS_VIOLATION (0xc0000005) at pc=0x00007ffd3b478a97]

VM state: not at safepoint (not fully initialized)

VM Mutex/Monitor currently owned by a thread:  ([mutex/lock_event])
[0x00000200eeb8c1b0] Heap_lock - owner thread: 0x00000200eeb91e70

Heap address: 0x0000000704400000, size: 4028 MB, Compressed Oops mode: Zero based, Oop shift amount: 3

CDS archive(s) mapped at: [0x0000000000000000-0x0000000000000000-0x0000000000000000), size 0, SharedBaseAddress: 0x0000000800000000, ArchiveRelocationMode: 0.
Narrow klass base: 0x0000000000000000, Narrow klass shift: 0, Narrow klass range: 0x0

GC Precious Log:
<Empty>

Heap:
 garbage-first heap   total 0K, used 0K [0x0000000704400000, 0x0000000800000000)
  region size 2048K, 0 young (0K), 0 survivors (0K)

[error occurred during error reporting (printing heap information), id 0xc0000005, EXCEPTION_ACCESS_VIOLATION (0xc0000005) at pc=0x00007ffd3b85c399]

GC Heap History (0 events):
No events

Deoptimization events (0 events):
No events

Classes unloaded (0 events):
No events

Classes redefined (0 events):
No events

Internal exceptions (0 events):
No events

VM Operations (0 events):
No events

Events (1 events):
Event: 0.030 Loaded shared library C:\Program Files\Java\jdk-17.0.5\bin\java.dll


Dynamic libraries:
0x00007ff728cd0000 - 0x00007ff728ce0000 	C:\Program Files\Java\jdk-17.0.5\bin\java.exe
0x00007ffdea250000 - 0x00007ffdea467000 	C:\WINDOWS\SYSTEM32\ntdll.dll
0x00007ffde81d0000 - 0x00007ffde8294000 	C:\WINDOWS\System32\KERNEL32.DLL
0x00007ffde7980000 - 0x00007ffde7d3a000 	C:\WINDOWS\System32\KERNELBASE.dll
0x00007ffde7640000 - 0x00007ffde7751000 	C:\WINDOWS\System32\ucrtbase.dll
0x00007ffdca880000 - 0x00007ffdca89a000 	C:\Program Files\Java\jdk-17.0.5\bin\VCRUNTIME140.dll
0x00007ffdd25d0000 - 0x00007ffdd25e8000 	C:\Program Files\Java\jdk-17.0.5\bin\jli.dll
0x00007ffde7f50000 - 0x00007ffde8002000 	C:\WINDOWS\System32\ADVAPI32.dll
0x00007ffde96e0000 - 0x00007ffde9787000 	C:\WINDOWS\System32\msvcrt.dll
0x00007ffde8600000 - 0x00007ffde86a7000 	C:\WINDOWS\System32\sechost.dll
0x00007ffde7760000 - 0x00007ffde7788000 	C:\WINDOWS\System32\bcrypt.dll
0x00007ffde82a0000 - 0x00007ffde83b4000 	C:\WINDOWS\System32\RPCRT4.dll
0x00007ffde8020000 - 0x00007ffde81ce000 	C:\WINDOWS\System32\USER32.dll
0x00007ffde7f20000 - 0x00007ffde7f46000 	C:\WINDOWS\System32\win32u.dll
0x00007ffde8b20000 - 0x00007ffde8b49000 	C:\WINDOWS\System32\GDI32.dll
0x00007ffde7520000 - 0x00007ffde763b000 	C:\WINDOWS\System32\gdi32full.dll
0x00007ffdcad10000 - 0x00007ffdcafa2000 	C:\WINDOWS\WinSxS\amd64_microsoft.windows.common-controls_6595b64144ccf1df_6.0.22621.4541_none_2710d1c57384c085\COMCTL32.dll
0x00007ffde7e00000 - 0x00007ffde7e9a000 	C:\WINDOWS\System32\msvcp_win.dll
0x00007ffddc090000 - 0x00007ffddc09a000 	C:\WINDOWS\SYSTEM32\VERSION.dll
0x00007ffde9e40000 - 0x00007ffde9e71000 	C:\WINDOWS\System32\IMM32.DLL
0x00007ffde42c0000 - 0x00007ffde42cc000 	C:\Program Files\Java\jdk-17.0.5\bin\vcruntime140_1.dll
0x00007ffda9aa0000 - 0x00007ffda9b2d000 	C:\Program Files\Java\jdk-17.0.5\bin\msvcp140.dll
0x00007ffd3b190000 - 0x00007ffd3bd52000 	C:\Program Files\Java\jdk-17.0.5\bin\server\jvm.dll
0x00007ffde96d0000 - 0x00007ffde96d8000 	C:\WINDOWS\System32\PSAPI.DLL
0x00007ffde2820000 - 0x00007ffde2854000 	C:\WINDOWS\SYSTEM32\WINMM.dll
0x00007ffde2e80000 - 0x00007ffde2e89000 	C:\WINDOWS\SYSTEM32\WSOCK32.dll
0x00007ffde9400000 - 0x00007ffde9471000 	C:\WINDOWS\System32\WS2_32.dll
0x00007ffde6520000 - 0x00007ffde6538000 	C:\WINDOWS\SYSTEM32\kernel.appcore.dll
0x00007ffde0720000 - 0x00007ffde072a000 	C:\Program Files\Java\jdk-17.0.5\bin\jimage.dll
0x00007ffde48c0000 - 0x00007ffde4af2000 	C:\WINDOWS\SYSTEM32\DBGHELP.DLL
0x00007ffde9e80000 - 0x00007ffdea20f000 	C:\WINDOWS\System32\combase.dll
0x00007ffde9580000 - 0x00007ffde9657000 	C:\WINDOWS\System32\OLEAUT32.dll
0x00007ffddab00000 - 0x00007ffddab32000 	C:\WINDOWS\SYSTEM32\dbgcore.DLL
0x00007ffde7790000 - 0x00007ffde780b000 	C:\WINDOWS\System32\bcryptPrimitives.dll
0x00007ffdca220000 - 0x00007ffdca245000 	C:\Program Files\Java\jdk-17.0.5\bin\java.dll

dbghelp: loaded successfully - version: 4.0.5 - missing functions: none
symbol engine: initialized successfully - sym options: 0x614 - pdb path: .;C:\Program Files\Java\jdk-17.0.5\bin;C:\WINDOWS\SYSTEM32;C:\WINDOWS\WinSxS\amd64_microsoft.windows.common-controls_6595b64144ccf1df_6.0.22621.4541_none_2710d1c57384c085;C:\Program Files\Java\jdk-17.0.5\bin\server

VM Arguments:
java_command: <unknown>
java_class_path (initial): <not set>
Launcher Type: SUN_STANDARD

[Global flags]
     intx CICompilerCount                          = 4                                         {product} {ergonomic}
     uint ConcGCThreads                            = 2                                         {product} {ergonomic}
     uint G1ConcRefinementThreads                  = 8                                         {product} {ergonomic}
   size_t G1HeapRegionSize                         = 2097152                                   {product} {ergonomic}
    uintx GCDrainStackTargetSize                   = 64                                        {product} {ergonomic}
   size_t InitialHeapSize                          = 264241152                                 {product} {ergonomic}
   size_t MarkStackSize                            = 4194304                                   {product} {ergonomic}
   size_t MaxHeapSize                              = 4223664128                                {product} {ergonomic}
   size_t MinHeapDeltaBytes                        = 2097152                                   {product} {ergonomic}
   size_t MinHeapSize                              = 8388608                                   {product} {ergonomic}
    uintx NonNMethodCodeHeapSize                   = 5839372                                {pd product} {ergonomic}
    uintx NonProfiledCodeHeapSize                  = 122909434                              {pd product} {ergonomic}
    uintx ProfiledCodeHeapSize                     = 122909434                              {pd product} {ergonomic}
    uintx ReservedCodeCacheSize                    = 251658240                              {pd product} {ergonomic}
     bool SegmentedCodeCache                       = true                                      {product} {ergonomic}
   size_t SoftMaxHeapSize                          = 4223664128                             {manageable} {ergonomic}
     bool UseCompressedClassPointers               = true                           {product lp64_product} {ergonomic}
     bool UseCompressedOops                        = true                           {product lp64_product} {ergonomic}
     bool UseG1GC                                  = true                                      {product} {ergonomic}
     bool UseLargePagesIndividualAllocation        = false                                  {pd product} {ergonomic}

Logging:
Log output configuration:
 #0: stdout all=warning uptime,level,tags
 #1: stderr all=off uptime,level,tags

Environment Variables:
JAVA_HOME=C:\Program Files\Java\jdk-17.0.5
PATH=C:\Program Files (x86)\VMware\VMware Workstation\bin\;C:\Program Files\Common Files\Oracle\Java\javapath;C:\WINDOWS\system32;C:\WINDOWS;C:\WINDOWS\System32\Wbem;C:\WINDOWS\System32\WindowsPowerShell\v1.0\;C:\WINDOWS\System32\OpenSSH\;C:\Users\kimha\AppData\Roaming\nvm;C:\Program Files\nodejs;C:\Program Files\Microsoft VS Code\bin;C:\Program Files\Java\jdk-17.0.5\bin;C:\Program Files\Git\cmd;C:\Program Files\MySQL\MySQL Server 8.0\bin;C:\Program Files (x86)\NetSarang\Xshell 7\;C:\MinGW\bin;C:\MinGW\msys\1.0\bin;C:\APM\php8;C:\Program Files\MySQL\MySQL Server 8.0\bin;C:\Program Files\Redis\;C:\Program Files\nodejs\;C:\Program Files\Docker\Docker\resources\bin;C:\Users\kimha\anaconda3;C:\Users\kimha\anaconda3\Library\mingw-w64\bin;C:\Users\kimha\anaconda3\Library\usr\bin;C:\Users\kimha\anaconda3\Library\bin;C:\Users\kimha\anaconda3\Scripts;C:\Ruby31-x64\bin;C:\Users\kimha\AppData\Local\Programs\Python\Python39\Scripts\;C:\Users\kimha\AppData\Local\Programs\Python\Python39\;C:\Users\kimha\AppData\Local\Microsoft\WindowsApps;C:\Program Files\JetBrains\PyCharm Community Edition 2021.3.2\bin;C:\Users\kimha\AppData\Roaming\nvm;C:\Program Files\nodejs;C:\Program Files\Git\cmd;C:\Users\kimha\AppData\Local\Microsoft\WindowsApps;C:\Users\kimha\AppData\Roaming\npm;C:\Program Files\JetBrains\IntelliJ IDEA 2024.3.1.1\bin;
USERNAME=kimha
OS=Windows_NT
PROCESSOR_IDENTIFIER=Intel64 Family 6 Model 140 Stepping 1, GenuineIntel



---------------  S Y S T E M  ---------------

OS:
 Windows 11 , 64 bit Build 22621 (10.0.22621.4391)
OS uptime: 0 days 3:41 hours
Hyper-V role detected

CPU: total 8 (initial active 8) (4 cores per cpu, 2 threads per core) family 6 model 140 stepping 1 microcode 0x8a, cx8, cmov, fxsr, ht, mmx, 3dnowpref, sse, sse2, sse3, ssse3, sse4.1, sse4.2, popcnt, lzcnt, tsc, tscinvbit, avx, avx2, aes, erms, clmul, bmi1, bmi2, adx, avx512f, avx512dq, avx512cd, avx512bw, avx512vl, sha, fma, vzeroupper, avx512_vpopcntdq, avx512_vpclmulqdq, avx512_vaes, avx512_vnni, clflush, clflushopt, clwb, avx512_vbmi2, avx512_vbmi, hv

Memory: 4k page, system-wide physical 16108M (3017M free)
TotalPageFile size 18010M (AvailPageFile size 44M)
current process WorkingSet (physical memory assigned to process): 11M, peak: 11M
current process commit charge ("private bytes"): 60M, peak: 312M

vm_info: Java HotSpot(TM) 64-Bit Server VM (17.0.5+9-LTS-191) for windows-amd64 JRE (17.0.5+9-LTS-191), built on Sep 13 2022 17:31:43 by "mach5one" with MS VC++ 16.8 / 16.9 (VS2019)

END.
